<?xml version="1.0" encoding="UTF-8"?>
<coverage generated="1764474920226" clover="3.2.0">
  <project timestamp="1764474920226" name="All files">
    <metrics statements="257" coveredstatements="257" conditionals="200" coveredconditionals="184" methods="53" coveredmethods="53" elements="510" coveredelements="494" complexity="0" loc="257" ncloc="257" packages="2" files="8" classes="8"/>
    <package name="pages">
      <metrics statements="154" coveredstatements="154" conditionals="98" coveredconditionals="83" methods="38" coveredmethods="38"/>
      <file name="Login.tsx" path="C:\xampp\htdocs\Testingg\frontend\src\pages\Login.tsx">
        <metrics statements="35" coveredstatements="35" conditionals="24" coveredconditionals="22" methods="7" coveredmethods="7"/>
        <line num="9" count="45" type="stmt"/>
        <line num="10" count="45" type="stmt"/>
        <line num="11" count="45" type="stmt"/>
        <line num="12" count="45" type="stmt"/>
        <line num="13" count="45" type="stmt"/>
        <line num="14" count="45" type="stmt"/>
        <line num="15" count="45" type="stmt"/>
        <line num="16" count="45" type="stmt"/>
        <line num="17" count="45" type="stmt"/>
        <line num="19" count="45" type="stmt"/>
        <line num="20" count="11" type="stmt"/>
        <line num="21" count="11" type="cond" truecount="1" falsecount="1"/>
        <line num="25" count="9" type="stmt"/>
        <line num="26" count="9" type="stmt"/>
        <line num="27" count="9" type="stmt"/>
        <line num="28" count="9" type="stmt"/>
        <line num="30" count="9" type="stmt"/>
        <line num="35" count="9" type="stmt"/>
        <line num="36" count="9" type="stmt"/>
        <line num="38" count="9" type="cond" truecount="4" falsecount="0"/>
        <line num="39" count="2" type="stmt"/>
        <line num="42" count="7" type="stmt"/>
        <line num="44" count="7" type="stmt"/>
        <line num="45" count="7" type="stmt"/>
        <line num="46" count="5" type="cond" truecount="4" falsecount="0"/>
        <line num="47" count="4" type="stmt"/>
        <line num="49" count="5" type="stmt"/>
        <line num="50" count="5" type="stmt"/>
        <line num="52" count="2" type="stmt"/>
        <line num="53" count="2" type="stmt"/>
        <line num="55" count="7" type="stmt"/>
        <line num="59" count="45" type="stmt"/>
        <line num="97" count="8" type="stmt"/>
        <line num="124" count="8" type="stmt"/>
        <line num="131" count="2" type="stmt"/>
      </file>
      <file name="Products.tsx" path="C:\xampp\htdocs\Testingg\frontend\src\pages\Products.tsx">
        <metrics statements="119" coveredstatements="119" conditionals="74" coveredconditionals="61" methods="31" coveredmethods="31"/>
        <line num="17" count="214" type="stmt"/>
        <line num="18" count="214" type="stmt"/>
        <line num="19" count="214" type="stmt"/>
        <line num="20" count="214" type="stmt"/>
        <line num="21" count="214" type="stmt"/>
        <line num="22" count="214" type="stmt"/>
        <line num="23" count="214" type="stmt"/>
        <line num="24" count="214" type="stmt"/>
        <line num="25" count="214" type="stmt"/>
        <line num="26" count="214" type="stmt"/>
        <line num="27" count="214" type="stmt"/>
        <line num="28" count="214" type="stmt"/>
        <line num="29" count="214" type="stmt"/>
        <line num="30" count="214" type="stmt"/>
        <line num="31" count="214" type="stmt"/>
        <line num="32" count="214" type="stmt"/>
        <line num="35" count="214" type="stmt"/>
        <line num="36" count="36" type="stmt"/>
        <line num="37" count="36" type="stmt"/>
        <line num="38" count="36" type="stmt"/>
        <line num="39" count="36" type="stmt"/>
        <line num="40" count="34" type="stmt"/>
        <line num="42" count="2" type="stmt"/>
        <line num="43" count="2" type="stmt"/>
        <line num="45" count="36" type="stmt"/>
        <line num="50" count="214" type="stmt"/>
        <line num="51" count="31" type="stmt"/>
        <line num="52" count="32" type="stmt"/>
        <line num="53" count="32" type="stmt"/>
        <line num="54" count="32" type="cond" truecount="2" falsecount="0"/>
        <line num="55" count="2" type="stmt"/>
        <line num="57" count="30" type="stmt"/>
        <line num="61" count="31" type="stmt"/>
        <line num="64" count="31" type="stmt"/>
        <line num="65" count="1" type="stmt"/>
        <line num="68" count="31" type="stmt"/>
        <line num="69" count="31" type="stmt"/>
        <line num="70" count="31" type="stmt"/>
        <line num="75" count="214" type="cond" truecount="2" falsecount="0"/>
        <line num="76" count="32" type="stmt"/>
        <line num="79" count="182" type="stmt"/>
        <line num="80" count="5" type="stmt"/>
        <line num="81" count="5" type="stmt"/>
        <line num="84" count="182" type="stmt"/>
        <line num="85" count="3" type="cond" truecount="1" falsecount="1"/>
        <line num="87" count="3" type="stmt"/>
        <line num="88" count="3" type="stmt"/>
        <line num="89" count="3" type="stmt"/>
        <line num="90" count="3" type="stmt"/>
        <line num="99" count="2" type="stmt"/>
        <line num="100" count="2" type="stmt"/>
        <line num="101" count="2" type="stmt"/>
        <line num="103" count="1" type="stmt"/>
        <line num="104" count="1" type="stmt"/>
        <line num="106" count="3" type="stmt"/>
        <line num="110" count="182" type="stmt"/>
        <line num="111" count="1" type="stmt"/>
        <line num="112" count="1" type="stmt"/>
        <line num="115" count="182" type="stmt"/>
        <line num="116" count="3" type="cond" truecount="2" falsecount="0"/>
        <line num="117" count="1" type="stmt"/>
        <line num="120" count="2" type="stmt"/>
        <line num="121" count="2" type="stmt"/>
        <line num="122" count="2" type="stmt"/>
        <line num="123" count="2" type="stmt"/>
        <line num="126" count="1" type="stmt"/>
        <line num="128" count="1" type="stmt"/>
        <line num="129" count="1" type="stmt"/>
        <line num="131" count="2" type="stmt"/>
        <line num="135" count="182" type="stmt"/>
        <line num="136" count="6" type="stmt"/>
        <line num="137" count="6" type="stmt"/>
        <line num="138" count="6" type="stmt"/>
        <line num="140" count="6" type="stmt"/>
        <line num="141" count="6" type="stmt"/>
        <line num="142" count="6" type="cond" truecount="2" falsecount="0"/>
        <line num="143" count="2" type="cond" truecount="1" falsecount="1"/>
        <line num="144" count="2" type="stmt"/>
        <line num="147" count="4" type="stmt"/>
        <line num="150" count="3" type="stmt"/>
        <line num="151" count="3" type="stmt"/>
        <line num="152" count="3" type="stmt"/>
        <line num="154" count="1" type="stmt"/>
        <line num="155" count="1" type="stmt"/>
        <line num="157" count="6" type="stmt"/>
        <line num="161" count="182" type="stmt"/>
        <line num="162" count="3" type="stmt"/>
        <line num="163" count="3" type="stmt"/>
        <line num="164" count="3" type="stmt"/>
        <line num="165" count="3" type="stmt"/>
        <line num="166" count="2" type="stmt"/>
        <line num="167" count="2" type="stmt"/>
        <line num="169" count="1" type="stmt"/>
        <line num="170" count="1" type="stmt"/>
        <line num="172" count="3" type="stmt"/>
        <line num="176" count="182" type="stmt"/>
        <line num="177" count="1" type="stmt"/>
        <line num="178" count="1" type="stmt"/>
        <line num="182" count="182" type="stmt"/>
        <line num="183" count="84" type="stmt"/>
        <line num="186" count="182" type="stmt"/>
        <line num="200" count="1" type="stmt"/>
        <line num="205" count="10" type="stmt"/>
        <line num="231" count="10" type="stmt"/>
        <line num="242" count="9" type="stmt"/>
        <line num="252" count="14" type="stmt"/>
        <line num="263" count="6" type="stmt"/>
        <line num="274" count="1" type="stmt"/>
        <line num="291" count="1" type="stmt"/>
        <line num="292" count="1" type="stmt"/>
        <line num="348" count="83" type="stmt"/>
        <line num="362" count="12" type="cond" truecount="1" falsecount="1"/>
        <line num="372" count="8" type="cond" truecount="1" falsecount="1"/>
        <line num="382" count="10" type="cond" truecount="1" falsecount="1"/>
        <line num="391" count="4" type="cond" truecount="1" falsecount="1"/>
        <line num="400" count="8" type="cond" truecount="1" falsecount="1"/>
        <line num="454" count="3" type="stmt"/>
        <line num="461" count="5" type="stmt"/>
        <line num="468" count="3" type="stmt"/>
      </file>
    </package>
    <package name="utils">
      <metrics statements="103" coveredstatements="103" conditionals="102" coveredconditionals="101" methods="15" coveredmethods="15"/>
      <file name="auth.ts" path="C:\xampp\htdocs\Testingg\frontend\src\utils\auth.ts">
        <metrics statements="14" coveredstatements="14" conditionals="2" coveredconditionals="2" methods="5" coveredmethods="5"/>
        <line num="2" count="7" type="stmt"/>
        <line num="3" count="7" type="cond" truecount="2" falsecount="0"/>
        <line num="4" count="5" type="stmt"/>
        <line num="6" count="7" type="stmt"/>
        <line num="7" count="7" type="stmt"/>
        <line num="8" count="7" type="stmt"/>
        <line num="15" count="2" type="stmt"/>
        <line num="16" count="2" type="stmt"/>
        <line num="17" count="2" type="stmt"/>
        <line num="18" count="2" type="stmt"/>
        <line num="19" count="2" type="stmt"/>
        <line num="24" count="1" type="stmt"/>
        <line num="28" count="1" type="stmt"/>
        <line num="32" count="3" type="stmt"/>
      </file>
      <file name="authValidation.ts" path="C:\xampp\htdocs\Testingg\frontend\src\utils\authValidation.ts">
        <metrics statements="20" coveredstatements="20" conditionals="18" coveredconditionals="18" methods="2" coveredmethods="2"/>
        <line num="1" count="1" type="stmt"/>
        <line num="2" count="7" type="cond" truecount="2" falsecount="0"/>
        <line num="3" count="1" type="stmt"/>
        <line num="5" count="6" type="cond" truecount="2" falsecount="0"/>
        <line num="6" count="1" type="stmt"/>
        <line num="8" count="5" type="cond" truecount="2" falsecount="0"/>
        <line num="9" count="1" type="stmt"/>
        <line num="11" count="4" type="cond" truecount="2" falsecount="0"/>
        <line num="12" count="1" type="stmt"/>
        <line num="14" count="3" type="stmt"/>
        <line num="17" count="1" type="stmt"/>
        <line num="18" count="8" type="cond" truecount="2" falsecount="0"/>
        <line num="19" count="1" type="stmt"/>
        <line num="21" count="7" type="cond" truecount="2" falsecount="0"/>
        <line num="22" count="1" type="stmt"/>
        <line num="24" count="6" type="cond" truecount="2" falsecount="0"/>
        <line num="25" count="1" type="stmt"/>
        <line num="27" count="5" type="cond" truecount="4" falsecount="0"/>
        <line num="28" count="2" type="stmt"/>
        <line num="30" count="3" type="stmt"/>
      </file>
      <file name="loginUtils.ts" path="C:\xampp\htdocs\Testingg\frontend\src\utils\loginUtils.ts">
        <metrics statements="11" coveredstatements="11" conditionals="10" coveredconditionals="10" methods="2" coveredmethods="2"/>
        <line num="2" count="14" type="stmt"/>
        <line num="3" count="14" type="stmt"/>
        <line num="4" count="14" type="cond" truecount="2" falsecount="0"/>
        <line num="5" count="1" type="stmt"/>
        <line num="6" count="1" type="stmt"/>
        <line num="8" count="12" type="stmt"/>
        <line num="10" count="1" type="stmt"/>
        <line num="15" count="8" type="cond" truecount="2" falsecount="0"/>
        <line num="16" count="6" type="cond" truecount="2" falsecount="0"/>
        <line num="17" count="5" type="cond" truecount="2" falsecount="0"/>
        <line num="18" count="2" type="cond" truecount="2" falsecount="0"/>
      </file>
      <file name="loginValidation.ts" path="C:\xampp\htdocs\Testingg\frontend\src\utils\loginValidation.ts">
        <metrics statements="15" coveredstatements="15" conditionals="14" coveredconditionals="14" methods="1" coveredmethods="1"/>
        <line num="15" count="20" type="stmt"/>
        <line num="16" count="20" type="stmt"/>
        <line num="18" count="20" type="stmt"/>
        <line num="19" count="20" type="stmt"/>
        <line num="21" count="20" type="cond" truecount="2" falsecount="0"/>
        <line num="22" count="2" type="stmt"/>
        <line num="23" count="18" type="cond" truecount="2" falsecount="0"/>
        <line num="24" count="2" type="stmt"/>
        <line num="27" count="20" type="cond" truecount="2" falsecount="0"/>
        <line num="28" count="2" type="stmt"/>
        <line num="29" count="18" type="cond" truecount="4" falsecount="0"/>
        <line num="30" count="3" type="stmt"/>
        <line num="31" count="15" type="cond" truecount="4" falsecount="0"/>
        <line num="32" count="2" type="stmt"/>
        <line num="36" count="20" type="stmt"/>
      </file>
      <file name="productUtils.ts" path="C:\xampp\htdocs\Testingg\frontend\src\utils\productUtils.ts">
        <metrics statements="12" coveredstatements="12" conditionals="22" coveredconditionals="21" methods="4" coveredmethods="4"/>
        <line num="4" count="35" type="stmt"/>
        <line num="11" count="200" type="stmt"/>
        <line num="21" count="5" type="stmt"/>
        <line num="31" count="11" type="cond" truecount="4" falsecount="0"/>
        <line num="32" count="3" type="stmt"/>
        <line num="34" count="8" type="stmt"/>
        <line num="35" count="8" type="cond" truecount="4" falsecount="0"/>
        <line num="36" count="2" type="stmt"/>
        <line num="38" count="6" type="stmt"/>
        <line num="39" count="6" type="cond" truecount="4" falsecount="0"/>
        <line num="40" count="2" type="stmt"/>
        <line num="42" count="4" type="stmt"/>
      </file>
      <file name="productValidation.ts" path="C:\xampp\htdocs\Testingg\frontend\src\utils\productValidation.ts">
        <metrics statements="31" coveredstatements="31" conditionals="36" coveredconditionals="36" methods="1" coveredmethods="1"/>
        <line num="10" count="1" type="stmt"/>
        <line num="11" count="19" type="stmt"/>
        <line num="14" count="19" type="cond" truecount="2" falsecount="0"/>
        <line num="15" count="2" type="stmt"/>
        <line num="16" count="17" type="cond" truecount="2" falsecount="0"/>
        <line num="17" count="1" type="stmt"/>
        <line num="18" count="16" type="cond" truecount="2" falsecount="0"/>
        <line num="19" count="1" type="stmt"/>
        <line num="23" count="19" type="stmt"/>
        <line num="24" count="19" type="cond" truecount="5" falsecount="0"/>
        <line num="25" count="2" type="stmt"/>
        <line num="26" count="17" type="cond" truecount="2" falsecount="0"/>
        <line num="27" count="1" type="stmt"/>
        <line num="28" count="16" type="cond" truecount="2" falsecount="0"/>
        <line num="29" count="2" type="stmt"/>
        <line num="30" count="14" type="cond" truecount="2" falsecount="0"/>
        <line num="31" count="1" type="stmt"/>
        <line num="35" count="19" type="stmt"/>
        <line num="36" count="19" type="cond" truecount="5" falsecount="0"/>
        <line num="37" count="2" type="stmt"/>
        <line num="38" count="17" type="cond" truecount="4" falsecount="0"/>
        <line num="39" count="2" type="stmt"/>
        <line num="40" count="15" type="cond" truecount="2" falsecount="0"/>
        <line num="41" count="1" type="stmt"/>
        <line num="42" count="14" type="cond" truecount="2" falsecount="0"/>
        <line num="43" count="1" type="stmt"/>
        <line num="47" count="19" type="cond" truecount="4" falsecount="0"/>
        <line num="48" count="1" type="stmt"/>
        <line num="52" count="19" type="cond" truecount="2" falsecount="0"/>
        <line num="53" count="1" type="stmt"/>
        <line num="56" count="19" type="stmt"/>
      </file>
    </package>
  </project>
</coverage>
