{"C:\\xampp\\htdocs\\Testingg\\frontend\\src\\utils\\productValidation.ts": {"path":"C:\\xampp\\htdocs\\Testingg\\frontend\\src\\utils\\productValidation.ts","statementMap":{"0":{"start":{"line":10,"column":31},"end":{"line":57,"column":null}},"1":{"start":{"line":11,"column":41},"end":{"line":11,"column":null}},"2":{"start":{"line":14,"column":0},"end":{"line":20,"column":null}},"3":{"start":{"line":15,"column":2},"end":{"line":15,"column":null}},"4":{"start":{"line":16,"column":2},"end":{"line":20,"column":null}},"5":{"start":{"line":17,"column":2},"end":{"line":17,"column":null}},"6":{"start":{"line":18,"column":2},"end":{"line":20,"column":null}},"7":{"start":{"line":19,"column":2},"end":{"line":19,"column":null}},"8":{"start":{"line":23,"column":16},"end":{"line":23,"column":null}},"9":{"start":{"line":24,"column":2},"end":{"line":32,"column":null}},"10":{"start":{"line":25,"column":4},"end":{"line":25,"column":null}},"11":{"start":{"line":26,"column":2},"end":{"line":32,"column":null}},"12":{"start":{"line":27,"column":4},"end":{"line":27,"column":null}},"13":{"start":{"line":28,"column":2},"end":{"line":32,"column":null}},"14":{"start":{"line":29,"column":4},"end":{"line":29,"column":null}},"15":{"start":{"line":30,"column":2},"end":{"line":32,"column":null}},"16":{"start":{"line":31,"column":4},"end":{"line":31,"column":null}},"17":{"start":{"line":35,"column":19},"end":{"line":35,"column":null}},"18":{"start":{"line":36,"column":2},"end":{"line":44,"column":null}},"19":{"start":{"line":37,"column":4},"end":{"line":37,"column":null}},"20":{"start":{"line":38,"column":2},"end":{"line":44,"column":null}},"21":{"start":{"line":39,"column":4},"end":{"line":39,"column":null}},"22":{"start":{"line":40,"column":2},"end":{"line":44,"column":null}},"23":{"start":{"line":41,"column":4},"end":{"line":41,"column":null}},"24":{"start":{"line":42,"column":2},"end":{"line":44,"column":null}},"25":{"start":{"line":43,"column":4},"end":{"line":43,"column":null}},"26":{"start":{"line":47,"column":2},"end":{"line":49,"column":null}},"27":{"start":{"line":48,"column":4},"end":{"line":48,"column":null}},"28":{"start":{"line":52,"column":2},"end":{"line":54,"column":null}},"29":{"start":{"line":53,"column":4},"end":{"line":53,"column":null}},"30":{"start":{"line":56,"column":2},"end":{"line":56,"column":null}}},"fnMap":{"0":{"name":"(anonymous_0)","decl":{"start":{"line":10,"column":31},"end":{"line":10,"column":32}},"loc":{"start":{"line":10,"column":77},"end":{"line":57,"column":null}},"line":10}},"branchMap":{"0":{"loc":{"start":{"line":14,"column":0},"end":{"line":20,"column":null}},"type":"if","locations":[{"start":{"line":14,"column":0},"end":{"line":20,"column":null}},{"start":{"line":16,"column":2},"end":{"line":20,"column":null}}],"line":14},"1":{"loc":{"start":{"line":16,"column":2},"end":{"line":20,"column":null}},"type":"if","locations":[{"start":{"line":16,"column":2},"end":{"line":20,"column":null}},{"start":{"line":18,"column":2},"end":{"line":20,"column":null}}],"line":16},"2":{"loc":{"start":{"line":18,"column":2},"end":{"line":20,"column":null}},"type":"if","locations":[{"start":{"line":18,"column":2},"end":{"line":20,"column":null}},{"start":{},"end":{}}],"line":18},"3":{"loc":{"start":{"line":24,"column":2},"end":{"line":32,"column":null}},"type":"if","locations":[{"start":{"line":24,"column":2},"end":{"line":32,"column":null}},{"start":{"line":26,"column":2},"end":{"line":32,"column":null}}],"line":24},"4":{"loc":{"start":{"line":24,"column":6},"end":{"line":24,"column":85}},"type":"binary-expr","locations":[{"start":{"line":24,"column":6},"end":{"line":24,"column":32}},{"start":{"line":24,"column":32},"end":{"line":24,"column":63}},{"start":{"line":24,"column":63},"end":{"line":24,"column":85}}],"line":24},"5":{"loc":{"start":{"line":26,"column":2},"end":{"line":32,"column":null}},"type":"if","locations":[{"start":{"line":26,"column":2},"end":{"line":32,"column":null}},{"start":{"line":28,"column":2},"end":{"line":32,"column":null}}],"line":26},"6":{"loc":{"start":{"line":28,"column":2},"end":{"line":32,"column":null}},"type":"if","locations":[{"start":{"line":28,"column":2},"end":{"line":32,"column":null}},{"start":{"line":30,"column":2},"end":{"line":32,"column":null}}],"line":28},"7":{"loc":{"start":{"line":30,"column":2},"end":{"line":32,"column":null}},"type":"if","locations":[{"start":{"line":30,"column":2},"end":{"line":32,"column":null}},{"start":{},"end":{}}],"line":30},"8":{"loc":{"start":{"line":36,"column":2},"end":{"line":44,"column":null}},"type":"if","locations":[{"start":{"line":36,"column":2},"end":{"line":44,"column":null}},{"start":{"line":38,"column":2},"end":{"line":44,"column":null}}],"line":36},"9":{"loc":{"start":{"line":36,"column":6},"end":{"line":36,"column":94}},"type":"binary-expr","locations":[{"start":{"line":36,"column":6},"end":{"line":36,"column":35}},{"start":{"line":36,"column":35},"end":{"line":36,"column":69}},{"start":{"line":36,"column":69},"end":{"line":36,"column":94}}],"line":36},"10":{"loc":{"start":{"line":38,"column":2},"end":{"line":44,"column":null}},"type":"if","locations":[{"start":{"line":38,"column":2},"end":{"line":44,"column":null}},{"start":{"line":40,"column":2},"end":{"line":44,"column":null}}],"line":38},"11":{"loc":{"start":{"line":38,"column":13},"end":{"line":38,"column":61}},"type":"binary-expr","locations":[{"start":{"line":38,"column":13},"end":{"line":38,"column":32}},{"start":{"line":38,"column":32},"end":{"line":38,"column":61}}],"line":38},"12":{"loc":{"start":{"line":40,"column":2},"end":{"line":44,"column":null}},"type":"if","locations":[{"start":{"line":40,"column":2},"end":{"line":44,"column":null}},{"start":{"line":42,"column":2},"end":{"line":44,"column":null}}],"line":40},"13":{"loc":{"start":{"line":42,"column":2},"end":{"line":44,"column":null}},"type":"if","locations":[{"start":{"line":42,"column":2},"end":{"line":44,"column":null}},{"start":{},"end":{}}],"line":42},"14":{"loc":{"start":{"line":47,"column":2},"end":{"line":49,"column":null}},"type":"if","locations":[{"start":{"line":47,"column":2},"end":{"line":49,"column":null}},{"start":{},"end":{}}],"line":47},"15":{"loc":{"start":{"line":47,"column":6},"end":{"line":47,"column":63}},"type":"binary-expr","locations":[{"start":{"line":47,"column":6},"end":{"line":47,"column":29}},{"start":{"line":47,"column":29},"end":{"line":47,"column":63}}],"line":47},"16":{"loc":{"start":{"line":52,"column":2},"end":{"line":54,"column":null}},"type":"if","locations":[{"start":{"line":52,"column":2},"end":{"line":54,"column":null}},{"start":{},"end":{}}],"line":52}},"s":{"0":1,"1":19,"2":19,"3":2,"4":17,"5":1,"6":16,"7":1,"8":19,"9":19,"10":2,"11":17,"12":1,"13":16,"14":2,"15":14,"16":1,"17":19,"18":19,"19":2,"20":17,"21":2,"22":15,"23":1,"24":14,"25":1,"26":19,"27":1,"28":19,"29":1,"30":19},"f":{"0":19},"b":{"0":[2,17],"1":[1,16],"2":[1,15],"3":[2,17],"4":[19,18,18],"5":[1,16],"6":[2,14],"7":[1,13],"8":[2,17],"9":[19,18,18],"10":[2,15],"11":[17,16],"12":[1,14],"13":[1,13],"14":[1,18],"15":[19,19],"16":[1,18]},"meta":{"lastBranch":17,"lastFunction":1,"lastStatement":31,"seen":{"s:10:31:57:Infinity":0,"f:10:31:10:32":0,"s:11:41:11:Infinity":1,"b:14:0:20:Infinity:16:2:20:Infinity":0,"s:14:0:20:Infinity":2,"s:15:2:15:Infinity":3,"b:16:2:20:Infinity:18:2:20:Infinity":1,"s:16:2:20:Infinity":4,"s:17:2:17:Infinity":5,"b:18:2:20:Infinity:undefined:undefined:undefined:undefined":2,"s:18:2:20:Infinity":6,"s:19:2:19:Infinity":7,"s:23:16:23:Infinity":8,"b:24:2:32:Infinity:26:2:32:Infinity":3,"s:24:2:32:Infinity":9,"b:24:6:24:32:24:32:24:63:24:63:24:85":4,"s:25:4:25:Infinity":10,"b:26:2:32:Infinity:28:2:32:Infinity":5,"s:26:2:32:Infinity":11,"s:27:4:27:Infinity":12,"b:28:2:32:Infinity:30:2:32:Infinity":6,"s:28:2:32:Infinity":13,"s:29:4:29:Infinity":14,"b:30:2:32:Infinity:undefined:undefined:undefined:undefined":7,"s:30:2:32:Infinity":15,"s:31:4:31:Infinity":16,"s:35:19:35:Infinity":17,"b:36:2:44:Infinity:38:2:44:Infinity":8,"s:36:2:44:Infinity":18,"b:36:6:36:35:36:35:36:69:36:69:36:94":9,"s:37:4:37:Infinity":19,"b:38:2:44:Infinity:40:2:44:Infinity":10,"s:38:2:44:Infinity":20,"b:38:13:38:32:38:32:38:61":11,"s:39:4:39:Infinity":21,"b:40:2:44:Infinity:42:2:44:Infinity":12,"s:40:2:44:Infinity":22,"s:41:4:41:Infinity":23,"b:42:2:44:Infinity:undefined:undefined:undefined:undefined":13,"s:42:2:44:Infinity":24,"s:43:4:43:Infinity":25,"b:47:2:49:Infinity:undefined:undefined:undefined:undefined":14,"s:47:2:49:Infinity":26,"b:47:6:47:29:47:29:47:63":15,"s:48:4:48:Infinity":27,"b:52:2:54:Infinity:undefined:undefined:undefined:undefined":16,"s:52:2:54:Infinity":28,"s:53:4:53:Infinity":29,"s:56:2:56:Infinity":30}}}
}
