{"C:\\xampp\\htdocs\\Testingg\\frontend\\src\\pages\\Login.tsx": {"path":"C:\\xampp\\htdocs\\Testingg\\frontend\\src\\pages\\Login.tsx","statementMap":{"0":{"start":{"line":9,"column":30},"end":{"line":9,"column":null}},"1":{"start":{"line":10,"column":30},"end":{"line":10,"column":null}},"2":{"start":{"line":11,"column":28},"end":{"line":11,"column":null}},"3":{"start":{"line":12,"column":24},"end":{"line":12,"column":null}},"4":{"start":{"line":13,"column":40},"end":{"line":13,"column":null}},"5":{"start":{"line":14,"column":40},"end":{"line":14,"column":null}},"6":{"start":{"line":15,"column":22},"end":{"line":15,"column":null}},"7":{"start":{"line":16,"column":38},"end":{"line":16,"column":null}},"8":{"start":{"line":17,"column":8},"end":{"line":17,"column":null}},"9":{"start":{"line":19,"column":2},"end":{"line":22,"column":null}},"10":{"start":{"line":20,"column":10},"end":{"line":20,"column":null}},"11":{"start":{"line":21,"column":4},"end":{"line":21,"column":null}},"12":{"start":{"line":21,"column":13},"end":{"line":21,"column":null}},"13":{"start":{"line":25,"column":4},"end":{"line":25,"column":null}},"14":{"start":{"line":26,"column":4},"end":{"line":26,"column":null}},"15":{"start":{"line":27,"column":4},"end":{"line":27,"column":null}},"16":{"start":{"line":28,"column":4},"end":{"line":28,"column":null}},"17":{"start":{"line":30,"column":57},"end":{"line":33,"column":null}},"18":{"start":{"line":35,"column":4},"end":{"line":35,"column":null}},"19":{"start":{"line":36,"column":4},"end":{"line":36,"column":null}},"20":{"start":{"line":38,"column":4},"end":{"line":40,"column":null}},"21":{"start":{"line":39,"column":6},"end":{"line":39,"column":null}},"22":{"start":{"line":42,"column":4},"end":{"line":42,"column":null}},"23":{"start":{"line":44,"column":4},"end":{"line":56,"column":null}},"24":{"start":{"line":45,"column":19},"end":{"line":45,"column":null}},"25":{"start":{"line":46,"column":6},"end":{"line":48,"column":null}},"26":{"start":{"line":47,"column":8},"end":{"line":47,"column":null}},"27":{"start":{"line":49,"column":6},"end":{"line":49,"column":null}},"28":{"start":{"line":50,"column":6},"end":{"line":50,"column":null}},"29":{"start":{"line":52,"column":6},"end":{"line":52,"column":null}},"30":{"start":{"line":53,"column":6},"end":{"line":53,"column":null}},"31":{"start":{"line":55,"column":6},"end":{"line":55,"column":null}},"32":{"start":{"line":59,"column":2},"end":{"line":176,"column":null}},"33":{"start":{"line":97,"column":33},"end":{"line":97,"column":null}},"34":{"start":{"line":124,"column":35},"end":{"line":124,"column":null}},"35":{"start":{"line":131,"column":33},"end":{"line":131,"column":null}},"36":{"start":{"line":131,"column":56},"end":{"line":131,"column":58}}},"fnMap":{"0":{"name":"Login","decl":{"start":{"line":8,"column":24},"end":{"line":8,"column":32}},"loc":{"start":{"line":8,"column":32},"end":{"line":178,"column":null}},"line":8},"1":{"name":"(anonymous_1)","decl":{"start":{"line":19,"column":12},"end":{"line":19,"column":18}},"loc":{"start":{"line":19,"column":18},"end":{"line":22,"column":5}},"line":19},"2":{"name":"handleSubmit","decl":{"start":{"line":24,"column":17},"end":{"line":24,"column":30}},"loc":{"start":{"line":24,"column":67},"end":{"line":57,"column":null}},"line":24},"3":{"name":"(anonymous_3)","decl":{"start":{"line":97,"column":27},"end":{"line":97,"column":33}},"loc":{"start":{"line":97,"column":33},"end":{"line":97,"column":null}},"line":97},"4":{"name":"(anonymous_4)","decl":{"start":{"line":124,"column":29},"end":{"line":124,"column":35}},"loc":{"start":{"line":124,"column":35},"end":{"line":124,"column":null}},"line":124},"5":{"name":"(anonymous_5)","decl":{"start":{"line":131,"column":27},"end":{"line":131,"column":33}},"loc":{"start":{"line":131,"column":33},"end":{"line":131,"column":null}},"line":131},"6":{"name":"(anonymous_6)","decl":{"start":{"line":131,"column":50},"end":{"line":131,"column":56}},"loc":{"start":{"line":131,"column":56},"end":{"line":131,"column":58}},"line":131}},"branchMap":{"0":{"loc":{"start":{"line":21,"column":4},"end":{"line":21,"column":null}},"type":"if","locations":[{"start":{"line":21,"column":4},"end":{"line":21,"column":null}},{"start":{},"end":{}}],"line":21},"1":{"loc":{"start":{"line":38,"column":4},"end":{"line":40,"column":null}},"type":"if","locations":[{"start":{"line":38,"column":4},"end":{"line":40,"column":null}},{"start":{},"end":{}}],"line":38},"2":{"loc":{"start":{"line":38,"column":8},"end":{"line":38,"column":26}},"type":"binary-expr","locations":[{"start":{"line":38,"column":8},"end":{"line":38,"column":18}},{"start":{"line":38,"column":18},"end":{"line":38,"column":26}}],"line":38},"3":{"loc":{"start":{"line":46,"column":6},"end":{"line":48,"column":null}},"type":"if","locations":[{"start":{"line":46,"column":6},"end":{"line":48,"column":null}},{"start":{},"end":{}}],"line":46},"4":{"loc":{"start":{"line":46,"column":10},"end":{"line":46,"column":30}},"type":"binary-expr","locations":[{"start":{"line":46,"column":10},"end":{"line":46,"column":18}},{"start":{"line":46,"column":18},"end":{"line":46,"column":30}}],"line":46},"5":{"loc":{"start":{"line":70,"column":11},"end":{"line":74,"column":null}},"type":"binary-expr","locations":[{"start":{"line":70,"column":11},"end":{"line":70,"column":null}},{"start":{"line":71,"column":12},"end":{"line":74,"column":null}}],"line":70},"6":{"loc":{"start":{"line":78,"column":11},"end":{"line":85,"column":null}},"type":"binary-expr","locations":[{"start":{"line":78,"column":11},"end":{"line":78,"column":null}},{"start":{"line":79,"column":12},"end":{"line":85,"column":null}}],"line":78},"7":{"loc":{"start":{"line":102,"column":15},"end":{"line":108,"column":null}},"type":"binary-expr","locations":[{"start":{"line":102,"column":15},"end":{"line":102,"column":null}},{"start":{"line":103,"column":16},"end":{"line":108,"column":null}}],"line":102},"8":{"loc":{"start":{"line":121,"column":24},"end":{"line":121,"column":null}},"type":"cond-expr","locations":[{"start":{"line":121,"column":39},"end":{"line":121,"column":48}},{"start":{"line":121,"column":48},"end":{"line":121,"column":null}}],"line":121},"9":{"loc":{"start":{"line":134,"column":19},"end":{"line":134,"column":null}},"type":"cond-expr","locations":[{"start":{"line":134,"column":34},"end":{"line":134,"column":43}},{"start":{"line":134,"column":43},"end":{"line":134,"column":null}}],"line":134},"10":{"loc":{"start":{"line":137,"column":15},"end":{"line":143,"column":null}},"type":"binary-expr","locations":[{"start":{"line":137,"column":15},"end":{"line":137,"column":null}},{"start":{"line":138,"column":16},"end":{"line":143,"column":null}}],"line":137},"11":{"loc":{"start":{"line":153,"column":15},"end":{"line":153,"column":null}},"type":"cond-expr","locations":[{"start":{"line":153,"column":25},"end":{"line":153,"column":47}},{"start":{"line":153,"column":47},"end":{"line":153,"column":null}}],"line":153}},"s":{"0":45,"1":45,"2":45,"3":45,"4":45,"5":45,"6":45,"7":45,"8":45,"9":45,"10":11,"11":11,"12":0,"13":9,"14":9,"15":9,"16":9,"17":9,"18":9,"19":9,"20":9,"21":2,"22":7,"23":7,"24":7,"25":5,"26":4,"27":5,"28":5,"29":2,"30":2,"31":7,"32":45,"33":8,"34":8,"35":2,"36":2},"f":{"0":45,"1":11,"2":9,"3":8,"4":8,"5":2,"6":2},"b":{"0":[0,11],"1":[2,7],"2":[9,8],"3":[4,1],"4":[5,4],"5":[45,0],"6":[45,2],"7":[45,1],"8":[1,44],"9":[1,44],"10":[45,2],"11":[7,38]},"meta":{"lastBranch":12,"lastFunction":7,"lastStatement":37,"seen":{"f:8:24:8:32":0,"s:9:30:9:Infinity":0,"s:10:30:10:Infinity":1,"s:11:28:11:Infinity":2,"s:12:24:12:Infinity":3,"s:13:40:13:Infinity":4,"s:14:40:14:Infinity":5,"s:15:22:15:Infinity":6,"s:16:38:16:Infinity":7,"s:17:8:17:Infinity":8,"s:19:2:22:Infinity":9,"f:19:12:19:18":1,"s:20:10:20:Infinity":10,"b:21:4:21:Infinity:undefined:undefined:undefined:undefined":0,"s:21:4:21:Infinity":11,"s:21:13:21:Infinity":12,"f:24:17:24:30":2,"s:25:4:25:Infinity":13,"s:26:4:26:Infinity":14,"s:27:4:27:Infinity":15,"s:28:4:28:Infinity":16,"s:30:57:33:Infinity":17,"s:35:4:35:Infinity":18,"s:36:4:36:Infinity":19,"b:38:4:40:Infinity:undefined:undefined:undefined:undefined":1,"s:38:4:40:Infinity":20,"b:38:8:38:18:38:18:38:26":2,"s:39:6:39:Infinity":21,"s:42:4:42:Infinity":22,"s:44:4:56:Infinity":23,"s:45:19:45:Infinity":24,"b:46:6:48:Infinity:undefined:undefined:undefined:undefined":3,"s:46:6:48:Infinity":25,"b:46:10:46:18:46:18:46:30":4,"s:47:8:47:Infinity":26,"s:49:6:49:Infinity":27,"s:50:6:50:Infinity":28,"s:52:6:52:Infinity":29,"s:53:6:53:Infinity":30,"s:55:6:55:Infinity":31,"s:59:2:176:Infinity":32,"b:70:11:70:Infinity:71:12:74:Infinity":5,"b:78:11:78:Infinity:79:12:85:Infinity":6,"f:97:27:97:33":3,"s:97:33:97:Infinity":33,"b:102:15:102:Infinity:103:16:108:Infinity":7,"b:121:39:121:48:121:48:121:Infinity":8,"f:124:29:124:35":4,"s:124:35:124:Infinity":34,"f:131:27:131:33":5,"s:131:33:131:Infinity":35,"f:131:50:131:56":6,"s:131:56:131:58":36,"b:134:34:134:43:134:43:134:Infinity":9,"b:137:15:137:Infinity:138:16:143:Infinity":10,"b:153:25:153:47:153:47:153:Infinity":11}}}
,"C:\\xampp\\htdocs\\Testingg\\frontend\\src\\pages\\Products.tsx": {"path":"C:\\xampp\\htdocs\\Testingg\\frontend\\src\\pages\\Products.tsx","statementMap":{"0":{"start":{"line":17,"column":8},"end":{"line":17,"column":null}},"1":{"start":{"line":18,"column":30},"end":{"line":18,"column":null}},"2":{"start":{"line":19,"column":28},"end":{"line":19,"column":null}},"3":{"start":{"line":20,"column":24},"end":{"line":20,"column":null}},"4":{"start":{"line":21,"column":32},"end":{"line":21,"column":null}},"5":{"start":{"line":22,"column":30},"end":{"line":22,"column":null}},"6":{"start":{"line":23,"column":54},"end":{"line":23,"column":null}},"7":{"start":{"line":24,"column":26},"end":{"line":24,"column":null}},"8":{"start":{"line":25,"column":30},"end":{"line":25,"column":null}},"9":{"start":{"line":26,"column":36},"end":{"line":26,"column":null}},"10":{"start":{"line":27,"column":34},"end":{"line":27,"column":null}},"11":{"start":{"line":28,"column":30},"end":{"line":28,"column":null}},"12":{"start":{"line":29,"column":34},"end":{"line":29,"column":null}},"13":{"start":{"line":30,"column":44},"end":{"line":30,"column":null}},"14":{"start":{"line":31,"column":44},"end":{"line":31,"column":null}},"15":{"start":{"line":32,"column":40},"end":{"line":32,"column":null}},"16":{"start":{"line":35,"column":8},"end":{"line":47,"column":null}},"17":{"start":{"line":36,"column":4},"end":{"line":46,"column":null}},"18":{"start":{"line":37,"column":6},"end":{"line":37,"column":null}},"19":{"start":{"line":38,"column":6},"end":{"line":38,"column":null}},"20":{"start":{"line":39,"column":19},"end":{"line":39,"column":null}},"21":{"start":{"line":40,"column":6},"end":{"line":40,"column":null}},"22":{"start":{"line":42,"column":6},"end":{"line":42,"column":null}},"23":{"start":{"line":43,"column":6},"end":{"line":43,"column":null}},"24":{"start":{"line":45,"column":6},"end":{"line":45,"column":null}},"25":{"start":{"line":50,"column":2},"end":{"line":72,"column":null}},"26":{"start":{"line":51,"column":22},"end":{"line":59,"column":null}},"27":{"start":{"line":52,"column":12},"end":{"line":52,"column":null}},"28":{"start":{"line":53,"column":6},"end":{"line":53,"column":null}},"29":{"start":{"line":54,"column":6},"end":{"line":58,"column":null}},"30":{"start":{"line":55,"column":8},"end":{"line":55,"column":null}},"31":{"start":{"line":57,"column":8},"end":{"line":57,"column":null}},"32":{"start":{"line":61,"column":4},"end":{"line":61,"column":null}},"33":{"start":{"line":64,"column":30},"end":{"line":66,"column":null}},"34":{"start":{"line":65,"column":6},"end":{"line":65,"column":null}},"35":{"start":{"line":68,"column":4},"end":{"line":68,"column":null}},"36":{"start":{"line":69,"column":4},"end":{"line":71,"column":null}},"37":{"start":{"line":70,"column":6},"end":{"line":70,"column":null}},"38":{"start":{"line":75,"column":2},"end":{"line":77,"column":null}},"39":{"start":{"line":76,"column":4},"end":{"line":76,"column":null}},"40":{"start":{"line":79,"column":21},"end":{"line":82,"column":null}},"41":{"start":{"line":80,"column":4},"end":{"line":80,"column":null}},"42":{"start":{"line":81,"column":4},"end":{"line":81,"column":null}},"43":{"start":{"line":84,"column":21},"end":{"line":108,"column":null}},"44":{"start":{"line":85,"column":4},"end":{"line":85,"column":null}},"45":{"start":{"line":85,"column":19},"end":{"line":85,"column":null}},"46":{"start":{"line":87,"column":4},"end":{"line":107,"column":null}},"47":{"start":{"line":88,"column":6},"end":{"line":88,"column":null}},"48":{"start":{"line":89,"column":6},"end":{"line":89,"column":null}},"49":{"start":{"line":90,"column":6},"end":{"line":96,"column":null}},"50":{"start":{"line":99,"column":6},"end":{"line":99,"column":null}},"51":{"start":{"line":100,"column":6},"end":{"line":100,"column":null}},"52":{"start":{"line":101,"column":6},"end":{"line":101,"column":null}},"53":{"start":{"line":103,"column":6},"end":{"line":103,"column":null}},"54":{"start":{"line":104,"column":6},"end":{"line":104,"column":null}},"55":{"start":{"line":106,"column":6},"end":{"line":106,"column":null}},"56":{"start":{"line":110,"column":23},"end":{"line":113,"column":null}},"57":{"start":{"line":111,"column":4},"end":{"line":111,"column":null}},"58":{"start":{"line":112,"column":4},"end":{"line":112,"column":null}},"59":{"start":{"line":115,"column":23},"end":{"line":133,"column":null}},"60":{"start":{"line":116,"column":4},"end":{"line":118,"column":null}},"61":{"start":{"line":117,"column":6},"end":{"line":117,"column":null}},"62":{"start":{"line":120,"column":4},"end":{"line":132,"column":null}},"63":{"start":{"line":121,"column":6},"end":{"line":121,"column":null}},"64":{"start":{"line":122,"column":6},"end":{"line":122,"column":null}},"65":{"start":{"line":123,"column":6},"end":{"line":123,"column":null}},"66":{"start":{"line":126,"column":6},"end":{"line":126,"column":null}},"67":{"start":{"line":128,"column":6},"end":{"line":128,"column":null}},"68":{"start":{"line":129,"column":6},"end":{"line":129,"column":null}},"69":{"start":{"line":131,"column":6},"end":{"line":131,"column":null}},"70":{"start":{"line":135,"column":23},"end":{"line":159,"column":null}},"71":{"start":{"line":136,"column":4},"end":{"line":158,"column":null}},"72":{"start":{"line":137,"column":6},"end":{"line":137,"column":null}},"73":{"start":{"line":138,"column":6},"end":{"line":138,"column":null}},"74":{"start":{"line":140,"column":12},"end":{"line":140,"column":null}},"75":{"start":{"line":141,"column":12},"end":{"line":141,"column":null}},"76":{"start":{"line":142,"column":6},"end":{"line":145,"column":null}},"77":{"start":{"line":143,"column":8},"end":{"line":143,"column":null}},"78":{"start":{"line":144,"column":8},"end":{"line":144,"column":null}},"79":{"start":{"line":147,"column":6},"end":{"line":147,"column":null}},"80":{"start":{"line":150,"column":6},"end":{"line":150,"column":null}},"81":{"start":{"line":151,"column":6},"end":{"line":151,"column":null}},"82":{"start":{"line":152,"column":6},"end":{"line":152,"column":null}},"83":{"start":{"line":154,"column":6},"end":{"line":154,"column":null}},"84":{"start":{"line":155,"column":6},"end":{"line":155,"column":null}},"85":{"start":{"line":157,"column":6},"end":{"line":157,"column":null}},"86":{"start":{"line":161,"column":28},"end":{"line":174,"column":null}},"87":{"start":{"line":162,"column":4},"end":{"line":173,"column":null}},"88":{"start":{"line":163,"column":6},"end":{"line":163,"column":null}},"89":{"start":{"line":164,"column":6},"end":{"line":164,"column":null}},"90":{"start":{"line":165,"column":22},"end":{"line":165,"column":null}},"91":{"start":{"line":166,"column":6},"end":{"line":166,"column":null}},"92":{"start":{"line":167,"column":6},"end":{"line":167,"column":null}},"93":{"start":{"line":169,"column":6},"end":{"line":169,"column":null}},"94":{"start":{"line":170,"column":6},"end":{"line":170,"column":null}},"95":{"start":{"line":172,"column":6},"end":{"line":172,"column":null}},"96":{"start":{"line":176,"column":33},"end":{"line":179,"column":null}},"97":{"start":{"line":177,"column":4},"end":{"line":177,"column":null}},"98":{"start":{"line":178,"column":4},"end":{"line":178,"column":null}},"99":{"start":{"line":182,"column":27},"end":{"line":184,"column":null}},"100":{"start":{"line":183,"column":4},"end":{"line":183,"column":null}},"101":{"start":{"line":186,"column":2},"end":{"line":562,"column":null}},"102":{"start":{"line":200,"column":33},"end":{"line":200,"column":null}},"103":{"start":{"line":205,"column":31},"end":{"line":205,"column":null}},"104":{"start":{"line":231,"column":37},"end":{"line":231,"column":null}},"105":{"start":{"line":242,"column":37},"end":{"line":242,"column":null}},"106":{"start":{"line":252,"column":37},"end":{"line":252,"column":null}},"107":{"start":{"line":263,"column":37},"end":{"line":263,"column":null}},"108":{"start":{"line":274,"column":37},"end":{"line":274,"column":null}},"109":{"start":{"line":291,"column":20},"end":{"line":291,"column":null}},"110":{"start":{"line":292,"column":20},"end":{"line":298,"column":null}},"111":{"start":{"line":348,"column":18},"end":{"line":479,"column":null}},"112":{"start":{"line":362,"column":45},"end":{"line":362,"column":null}},"113":{"start":{"line":372,"column":45},"end":{"line":372,"column":null}},"114":{"start":{"line":382,"column":45},"end":{"line":382,"column":null}},"115":{"start":{"line":391,"column":45},"end":{"line":391,"column":null}},"116":{"start":{"line":400,"column":45},"end":{"line":400,"column":null}},"117":{"start":{"line":454,"column":45},"end":{"line":454,"column":null}},"118":{"start":{"line":461,"column":45},"end":{"line":461,"column":null}},"119":{"start":{"line":468,"column":45},"end":{"line":468,"column":null}}},"fnMap":{"0":{"name":"Products","decl":{"start":{"line":16,"column":24},"end":{"line":16,"column":35}},"loc":{"start":{"line":16,"column":35},"end":{"line":564,"column":null}},"line":16},"1":{"name":"(anonymous_1)","decl":{"start":{"line":35,"column":36},"end":{"line":35,"column":48}},"loc":{"start":{"line":35,"column":48},"end":{"line":47,"column":5}},"line":35},"2":{"name":"(anonymous_2)","decl":{"start":{"line":50,"column":12},"end":{"line":50,"column":18}},"loc":{"start":{"line":50,"column":18},"end":{"line":72,"column":5}},"line":50},"3":{"name":"(anonymous_3)","decl":{"start":{"line":51,"column":22},"end":{"line":51,"column":28}},"loc":{"start":{"line":51,"column":28},"end":{"line":59,"column":null}},"line":51},"4":{"name":"(anonymous_4)","decl":{"start":{"line":64,"column":30},"end":{"line":64,"column":36}},"loc":{"start":{"line":64,"column":36},"end":{"line":66,"column":null}},"line":64},"5":{"name":"(anonymous_5)","decl":{"start":{"line":69,"column":11},"end":{"line":69,"column":17}},"loc":{"start":{"line":69,"column":17},"end":{"line":71,"column":null}},"line":69},"6":{"name":"(anonymous_6)","decl":{"start":{"line":79,"column":21},"end":{"line":79,"column":22}},"loc":{"start":{"line":79,"column":43},"end":{"line":82,"column":null}},"line":79},"7":{"name":"(anonymous_7)","decl":{"start":{"line":84,"column":21},"end":{"line":84,"column":33}},"loc":{"start":{"line":84,"column":33},"end":{"line":108,"column":null}},"line":84},"8":{"name":"(anonymous_8)","decl":{"start":{"line":110,"column":23},"end":{"line":110,"column":29}},"loc":{"start":{"line":110,"column":29},"end":{"line":113,"column":null}},"line":110},"9":{"name":"(anonymous_9)","decl":{"start":{"line":115,"column":23},"end":{"line":115,"column":30}},"loc":{"start":{"line":115,"column":45},"end":{"line":133,"column":null}},"line":115},"10":{"name":"(anonymous_10)","decl":{"start":{"line":135,"column":23},"end":{"line":135,"column":35}},"loc":{"start":{"line":135,"column":35},"end":{"line":159,"column":null}},"line":135},"11":{"name":"(anonymous_11)","decl":{"start":{"line":161,"column":28},"end":{"line":161,"column":35}},"loc":{"start":{"line":161,"column":50},"end":{"line":174,"column":null}},"line":161},"12":{"name":"(anonymous_12)","decl":{"start":{"line":176,"column":33},"end":{"line":176,"column":39}},"loc":{"start":{"line":176,"column":39},"end":{"line":179,"column":null}},"line":176},"13":{"name":"(anonymous_13)","decl":{"start":{"line":182,"column":44},"end":{"line":182,"column":null}},"loc":{"start":{"line":183,"column":4},"end":{"line":183,"column":null}},"line":183},"14":{"name":"(anonymous_14)","decl":{"start":{"line":200,"column":27},"end":{"line":200,"column":33}},"loc":{"start":{"line":200,"column":33},"end":{"line":200,"column":null}},"line":200},"15":{"name":"(anonymous_15)","decl":{"start":{"line":205,"column":25},"end":{"line":205,"column":31}},"loc":{"start":{"line":205,"column":31},"end":{"line":205,"column":null}},"line":205},"16":{"name":"(anonymous_16)","decl":{"start":{"line":231,"column":31},"end":{"line":231,"column":37}},"loc":{"start":{"line":231,"column":37},"end":{"line":231,"column":null}},"line":231},"17":{"name":"(anonymous_17)","decl":{"start":{"line":242,"column":31},"end":{"line":242,"column":37}},"loc":{"start":{"line":242,"column":37},"end":{"line":242,"column":null}},"line":242},"18":{"name":"(anonymous_18)","decl":{"start":{"line":252,"column":31},"end":{"line":252,"column":37}},"loc":{"start":{"line":252,"column":37},"end":{"line":252,"column":null}},"line":252},"19":{"name":"(anonymous_19)","decl":{"start":{"line":263,"column":31},"end":{"line":263,"column":37}},"loc":{"start":{"line":263,"column":37},"end":{"line":263,"column":null}},"line":263},"20":{"name":"(anonymous_20)","decl":{"start":{"line":274,"column":31},"end":{"line":274,"column":37}},"loc":{"start":{"line":274,"column":37},"end":{"line":274,"column":null}},"line":274},"21":{"name":"(anonymous_21)","decl":{"start":{"line":290,"column":27},"end":{"line":290,"column":33}},"loc":{"start":{"line":290,"column":33},"end":{"line":299,"column":null}},"line":290},"22":{"name":"(anonymous_22)","decl":{"start":{"line":347,"column":39},"end":{"line":347,"column":null}},"loc":{"start":{"line":348,"column":18},"end":{"line":479,"column":null}},"line":348},"23":{"name":"(anonymous_23)","decl":{"start":{"line":362,"column":39},"end":{"line":362,"column":45}},"loc":{"start":{"line":362,"column":45},"end":{"line":362,"column":null}},"line":362},"24":{"name":"(anonymous_24)","decl":{"start":{"line":372,"column":39},"end":{"line":372,"column":45}},"loc":{"start":{"line":372,"column":45},"end":{"line":372,"column":null}},"line":372},"25":{"name":"(anonymous_25)","decl":{"start":{"line":382,"column":39},"end":{"line":382,"column":45}},"loc":{"start":{"line":382,"column":45},"end":{"line":382,"column":null}},"line":382},"26":{"name":"(anonymous_26)","decl":{"start":{"line":391,"column":39},"end":{"line":391,"column":45}},"loc":{"start":{"line":391,"column":45},"end":{"line":391,"column":null}},"line":391},"27":{"name":"(anonymous_27)","decl":{"start":{"line":400,"column":39},"end":{"line":400,"column":45}},"loc":{"start":{"line":400,"column":45},"end":{"line":400,"column":null}},"line":400},"28":{"name":"(anonymous_28)","decl":{"start":{"line":454,"column":39},"end":{"line":454,"column":45}},"loc":{"start":{"line":454,"column":45},"end":{"line":454,"column":null}},"line":454},"29":{"name":"(anonymous_29)","decl":{"start":{"line":461,"column":39},"end":{"line":461,"column":45}},"loc":{"start":{"line":461,"column":45},"end":{"line":461,"column":null}},"line":461},"30":{"name":"(anonymous_30)","decl":{"start":{"line":468,"column":39},"end":{"line":468,"column":45}},"loc":{"start":{"line":468,"column":45},"end":{"line":468,"column":null}},"line":468}},"branchMap":{"0":{"loc":{"start":{"line":54,"column":6},"end":{"line":58,"column":null}},"type":"if","locations":[{"start":{"line":54,"column":6},"end":{"line":58,"column":null}},{"start":{"line":56,"column":13},"end":{"line":58,"column":null}}],"line":54},"1":{"loc":{"start":{"line":75,"column":2},"end":{"line":77,"column":null}},"type":"if","locations":[{"start":{"line":75,"column":2},"end":{"line":77,"column":null}},{"start":{},"end":{}}],"line":75},"2":{"loc":{"start":{"line":85,"column":4},"end":{"line":85,"column":null}},"type":"if","locations":[{"start":{"line":85,"column":4},"end":{"line":85,"column":null}},{"start":{},"end":{}}],"line":85},"3":{"loc":{"start":{"line":92,"column":21},"end":{"line":92,"column":null}},"type":"binary-expr","locations":[{"start":{"line":92,"column":21},"end":{"line":92,"column":45}},{"start":{"line":92,"column":45},"end":{"line":92,"column":null}}],"line":92},"4":{"loc":{"start":{"line":95,"column":16},"end":{"line":95,"column":null}},"type":"binary-expr","locations":[{"start":{"line":95,"column":16},"end":{"line":95,"column":35}},{"start":{"line":95,"column":35},"end":{"line":95,"column":null}}],"line":95},"5":{"loc":{"start":{"line":116,"column":4},"end":{"line":118,"column":null}},"type":"if","locations":[{"start":{"line":116,"column":4},"end":{"line":118,"column":null}},{"start":{},"end":{}}],"line":116},"6":{"loc":{"start":{"line":142,"column":6},"end":{"line":145,"column":null}},"type":"if","locations":[{"start":{"line":142,"column":6},"end":{"line":145,"column":null}},{"start":{},"end":{}}],"line":142},"7":{"loc":{"start":{"line":143,"column":17},"end":{"line":143,"column":68}},"type":"binary-expr","locations":[{"start":{"line":143,"column":17},"end":{"line":143,"column":37}},{"start":{"line":143,"column":37},"end":{"line":143,"column":68}}],"line":143},"8":{"loc":{"start":{"line":209,"column":17},"end":{"line":209,"column":null}},"type":"cond-expr","locations":[{"start":{"line":209,"column":31},"end":{"line":209,"column":39}},{"start":{"line":209,"column":39},"end":{"line":209,"column":null}}],"line":209},"9":{"loc":{"start":{"line":215,"column":11},"end":{"line":218,"column":null}},"type":"binary-expr","locations":[{"start":{"line":215,"column":11},"end":{"line":215,"column":null}},{"start":{"line":216,"column":12},"end":{"line":218,"column":null}}],"line":215},"10":{"loc":{"start":{"line":222,"column":11},"end":{"line":306,"column":null}},"type":"binary-expr","locations":[{"start":{"line":222,"column":11},"end":{"line":222,"column":null}},{"start":{"line":223,"column":12},"end":{"line":306,"column":null}}],"line":222},"11":{"loc":{"start":{"line":241,"column":27},"end":{"line":241,"column":null}},"type":"binary-expr","locations":[{"start":{"line":241,"column":27},"end":{"line":241,"column":53}},{"start":{"line":241,"column":53},"end":{"line":241,"column":null}}],"line":241},"12":{"loc":{"start":{"line":273,"column":27},"end":{"line":273,"column":null}},"type":"binary-expr","locations":[{"start":{"line":273,"column":27},"end":{"line":273,"column":48}},{"start":{"line":273,"column":48},"end":{"line":273,"column":null}}],"line":273},"13":{"loc":{"start":{"line":287,"column":19},"end":{"line":287,"column":null}},"type":"cond-expr","locations":[{"start":{"line":287,"column":30},"end":{"line":287,"column":46}},{"start":{"line":287,"column":46},"end":{"line":287,"column":null}}],"line":287},"14":{"loc":{"start":{"line":310,"column":11},"end":{"line":314,"column":null}},"type":"binary-expr","locations":[{"start":{"line":310,"column":11},"end":{"line":310,"column":null}},{"start":{"line":311,"column":12},"end":{"line":314,"column":null}}],"line":310},"15":{"loc":{"start":{"line":318,"column":11},"end":{"line":483,"column":null}},"type":"binary-expr","locations":[{"start":{"line":318,"column":11},"end":{"line":318,"column":null}},{"start":{"line":319,"column":12},"end":{"line":483,"column":null}}],"line":318},"16":{"loc":{"start":{"line":353,"column":21},"end":{"line":477,"column":null}},"type":"cond-expr","locations":[{"start":{"line":354,"column":22},"end":{"line":426,"column":null}},{"start":{"line":428,"column":22},"end":{"line":477,"column":null}}],"line":353},"17":{"loc":{"start":{"line":361,"column":35},"end":{"line":361,"column":null}},"type":"binary-expr","locations":[{"start":{"line":361,"column":35},"end":{"line":361,"column":53}},{"start":{"line":361,"column":53},"end":{"line":361,"column":null}}],"line":361},"18":{"loc":{"start":{"line":362,"column":57},"end":{"line":362,"column":112}},"type":"cond-expr","locations":[{"start":{"line":362,"column":68},"end":{"line":362,"column":108}},{"start":{"line":362,"column":108},"end":{"line":362,"column":112}}],"line":362},"19":{"loc":{"start":{"line":371,"column":35},"end":{"line":371,"column":null}},"type":"binary-expr","locations":[{"start":{"line":371,"column":35},"end":{"line":371,"column":60}},{"start":{"line":371,"column":60},"end":{"line":371,"column":null}}],"line":371},"20":{"loc":{"start":{"line":372,"column":57},"end":{"line":372,"column":119}},"type":"cond-expr","locations":[{"start":{"line":372,"column":68},"end":{"line":372,"column":115}},{"start":{"line":372,"column":115},"end":{"line":372,"column":119}}],"line":372},"21":{"loc":{"start":{"line":381,"column":35},"end":{"line":381,"column":null}},"type":"binary-expr","locations":[{"start":{"line":381,"column":35},"end":{"line":381,"column":54}},{"start":{"line":381,"column":54},"end":{"line":381,"column":null}}],"line":381},"22":{"loc":{"start":{"line":382,"column":57},"end":{"line":382,"column":121}},"type":"cond-expr","locations":[{"start":{"line":382,"column":68},"end":{"line":382,"column":117}},{"start":{"line":382,"column":117},"end":{"line":382,"column":121}}],"line":382},"23":{"loc":{"start":{"line":390,"column":35},"end":{"line":390,"column":null}},"type":"binary-expr","locations":[{"start":{"line":390,"column":35},"end":{"line":390,"column":62}},{"start":{"line":390,"column":62},"end":{"line":390,"column":null}}],"line":390},"24":{"loc":{"start":{"line":391,"column":57},"end":{"line":391,"column":129}},"type":"cond-expr","locations":[{"start":{"line":391,"column":68},"end":{"line":391,"column":125}},{"start":{"line":391,"column":125},"end":{"line":391,"column":129}}],"line":391},"25":{"loc":{"start":{"line":399,"column":35},"end":{"line":399,"column":null}},"type":"binary-expr","locations":[{"start":{"line":399,"column":35},"end":{"line":399,"column":55}},{"start":{"line":399,"column":55},"end":{"line":399,"column":null}}],"line":399},"26":{"loc":{"start":{"line":400,"column":57},"end":{"line":400,"column":114}},"type":"cond-expr","locations":[{"start":{"line":400,"column":68},"end":{"line":400,"column":110}},{"start":{"line":400,"column":110},"end":{"line":400,"column":114}}],"line":400},"27":{"loc":{"start":{"line":414,"column":31},"end":{"line":414,"column":null}},"type":"cond-expr","locations":[{"start":{"line":414,"column":40},"end":{"line":414,"column":56}},{"start":{"line":414,"column":56},"end":{"line":414,"column":null}}],"line":414},"28":{"loc":{"start":{"line":440,"column":27},"end":{"line":440,"column":null}},"type":"binary-expr","locations":[{"start":{"line":440,"column":27},"end":{"line":440,"column":50}},{"start":{"line":440,"column":50},"end":{"line":440,"column":null}}],"line":440},"29":{"loc":{"start":{"line":449,"column":27},"end":{"line":449,"column":null}},"type":"binary-expr","locations":[{"start":{"line":449,"column":27},"end":{"line":449,"column":45}},{"start":{"line":449,"column":45},"end":{"line":449,"column":null}}],"line":449},"30":{"loc":{"start":{"line":473,"column":31},"end":{"line":473,"column":null}},"type":"cond-expr","locations":[{"start":{"line":473,"column":57},"end":{"line":473,"column":73}},{"start":{"line":473,"column":73},"end":{"line":473,"column":null}}],"line":473},"31":{"loc":{"start":{"line":486,"column":11},"end":{"line":489,"column":null}},"type":"binary-expr","locations":[{"start":{"line":486,"column":11},"end":{"line":486,"column":23}},{"start":{"line":486,"column":23},"end":{"line":486,"column":null}},{"start":{"line":487,"column":12},"end":{"line":489,"column":null}}],"line":486},"32":{"loc":{"start":{"line":495,"column":7},"end":{"line":560,"column":null}},"type":"binary-expr","locations":[{"start":{"line":495,"column":7},"end":{"line":495,"column":26}},{"start":{"line":495,"column":26},"end":{"line":495,"column":null}},{"start":{"line":496,"column":8},"end":{"line":560,"column":null}}],"line":495},"33":{"loc":{"start":{"line":512,"column":15},"end":{"line":547,"column":null}},"type":"cond-expr","locations":[{"start":{"line":513,"column":16},"end":{"line":516,"column":null}},{"start":{"line":518,"column":16},"end":{"line":547,"column":null}}],"line":512},"34":{"loc":{"start":{"line":538,"column":94},"end":{"line":538,"column":126}},"type":"binary-expr","locations":[{"start":{"line":538,"column":94},"end":{"line":538,"column":120}},{"start":{"line":538,"column":120},"end":{"line":538,"column":126}}],"line":538},"35":{"loc":{"start":{"line":544,"column":23},"end":{"line":544,"column":null}},"type":"binary-expr","locations":[{"start":{"line":544,"column":23},"end":{"line":544,"column":54}},{"start":{"line":544,"column":54},"end":{"line":544,"column":null}}],"line":544}},"s":{"0":214,"1":214,"2":214,"3":214,"4":214,"5":214,"6":214,"7":214,"8":214,"9":214,"10":214,"11":214,"12":214,"13":214,"14":214,"15":214,"16":214,"17":36,"18":36,"19":36,"20":36,"21":34,"22":2,"23":2,"24":36,"25":214,"26":31,"27":32,"28":32,"29":32,"30":2,"31":30,"32":31,"33":31,"34":1,"35":31,"36":31,"37":31,"38":214,"39":32,"40":182,"41":5,"42":5,"43":182,"44":3,"45":0,"46":3,"47":3,"48":3,"49":3,"50":2,"51":2,"52":2,"53":1,"54":1,"55":3,"56":182,"57":1,"58":1,"59":182,"60":3,"61":1,"62":2,"63":2,"64":2,"65":2,"66":1,"67":1,"68":1,"69":2,"70":182,"71":6,"72":6,"73":6,"74":6,"75":6,"76":6,"77":2,"78":2,"79":4,"80":3,"81":3,"82":3,"83":1,"84":1,"85":6,"86":182,"87":3,"88":3,"89":3,"90":3,"91":2,"92":2,"93":1,"94":1,"95":3,"96":182,"97":1,"98":1,"99":182,"100":84,"101":182,"102":1,"103":10,"104":10,"105":9,"106":14,"107":6,"108":1,"109":1,"110":1,"111":83,"112":12,"113":8,"114":10,"115":4,"116":8,"117":3,"118":5,"119":3},"f":{"0":214,"1":36,"2":31,"3":32,"4":1,"5":31,"6":5,"7":3,"8":1,"9":3,"10":6,"11":3,"12":1,"13":84,"14":1,"15":10,"16":10,"17":9,"18":14,"19":6,"20":1,"21":1,"22":83,"23":12,"24":8,"25":10,"26":4,"27":8,"28":3,"29":5,"30":3},"b":{"0":[2,30],"1":[32,182],"2":[0,3],"3":[3,1],"4":[3,0],"5":[1,2],"6":[2,4],"7":[2,0],"8":[58,124],"9":[214,9],"10":[214,58],"11":[58,32],"12":[58,0],"13":[4,54],"14":[214,51],"15":[214,131],"16":[51,32],"17":[51,1],"18":[12,0],"19":[51,5],"20":[8,0],"21":[51,1],"22":[10,0],"23":[51,1],"24":[4,0],"25":[51,1],"26":[8,0],"27":[3,48],"28":[32,16],"29":[32,0],"30":[2,30],"31":[214,131,51],"32":[214,2,2],"33":[0,2],"34":[2,0],"35":[2,0]},"meta":{"lastBranch":36,"lastFunction":31,"lastStatement":120,"seen":{"f:16:24:16:35":0,"s:17:8:17:Infinity":0,"s:18:30:18:Infinity":1,"s:19:28:19:Infinity":2,"s:20:24:20:Infinity":3,"s:21:32:21:Infinity":4,"s:22:30:22:Infinity":5,"s:23:54:23:Infinity":6,"s:24:26:24:Infinity":7,"s:25:30:25:Infinity":8,"s:26:36:26:Infinity":9,"s:27:34:27:Infinity":10,"s:28:30:28:Infinity":11,"s:29:34:29:Infinity":12,"s:30:44:30:Infinity":13,"s:31:44:31:Infinity":14,"s:32:40:32:Infinity":15,"s:35:8:47:Infinity":16,"f:35:36:35:48":1,"s:36:4:46:Infinity":17,"s:37:6:37:Infinity":18,"s:38:6:38:Infinity":19,"s:39:19:39:Infinity":20,"s:40:6:40:Infinity":21,"s:42:6:42:Infinity":22,"s:43:6:43:Infinity":23,"s:45:6:45:Infinity":24,"s:50:2:72:Infinity":25,"f:50:12:50:18":2,"s:51:22:59:Infinity":26,"f:51:22:51:28":3,"s:52:12:52:Infinity":27,"s:53:6:53:Infinity":28,"b:54:6:58:Infinity:56:13:58:Infinity":0,"s:54:6:58:Infinity":29,"s:55:8:55:Infinity":30,"s:57:8:57:Infinity":31,"s:61:4:61:Infinity":32,"s:64:30:66:Infinity":33,"f:64:30:64:36":4,"s:65:6:65:Infinity":34,"s:68:4:68:Infinity":35,"s:69:4:71:Infinity":36,"f:69:11:69:17":5,"s:70:6:70:Infinity":37,"b:75:2:77:Infinity:undefined:undefined:undefined:undefined":1,"s:75:2:77:Infinity":38,"s:76:4:76:Infinity":39,"s:79:21:82:Infinity":40,"f:79:21:79:22":6,"s:80:4:80:Infinity":41,"s:81:4:81:Infinity":42,"s:84:21:108:Infinity":43,"f:84:21:84:33":7,"b:85:4:85:Infinity:undefined:undefined:undefined:undefined":2,"s:85:4:85:Infinity":44,"s:85:19:85:Infinity":45,"s:87:4:107:Infinity":46,"s:88:6:88:Infinity":47,"s:89:6:89:Infinity":48,"s:90:6:96:Infinity":49,"b:92:21:92:45:92:45:92:Infinity":3,"b:95:16:95:35:95:35:95:Infinity":4,"s:99:6:99:Infinity":50,"s:100:6:100:Infinity":51,"s:101:6:101:Infinity":52,"s:103:6:103:Infinity":53,"s:104:6:104:Infinity":54,"s:106:6:106:Infinity":55,"s:110:23:113:Infinity":56,"f:110:23:110:29":8,"s:111:4:111:Infinity":57,"s:112:4:112:Infinity":58,"s:115:23:133:Infinity":59,"f:115:23:115:30":9,"b:116:4:118:Infinity:undefined:undefined:undefined:undefined":5,"s:116:4:118:Infinity":60,"s:117:6:117:Infinity":61,"s:120:4:132:Infinity":62,"s:121:6:121:Infinity":63,"s:122:6:122:Infinity":64,"s:123:6:123:Infinity":65,"s:126:6:126:Infinity":66,"s:128:6:128:Infinity":67,"s:129:6:129:Infinity":68,"s:131:6:131:Infinity":69,"s:135:23:159:Infinity":70,"f:135:23:135:35":10,"s:136:4:158:Infinity":71,"s:137:6:137:Infinity":72,"s:138:6:138:Infinity":73,"s:140:12:140:Infinity":74,"s:141:12:141:Infinity":75,"b:142:6:145:Infinity:undefined:undefined:undefined:undefined":6,"s:142:6:145:Infinity":76,"s:143:8:143:Infinity":77,"b:143:17:143:37:143:37:143:68":7,"s:144:8:144:Infinity":78,"s:147:6:147:Infinity":79,"s:150:6:150:Infinity":80,"s:151:6:151:Infinity":81,"s:152:6:152:Infinity":82,"s:154:6:154:Infinity":83,"s:155:6:155:Infinity":84,"s:157:6:157:Infinity":85,"s:161:28:174:Infinity":86,"f:161:28:161:35":11,"s:162:4:173:Infinity":87,"s:163:6:163:Infinity":88,"s:164:6:164:Infinity":89,"s:165:22:165:Infinity":90,"s:166:6:166:Infinity":91,"s:167:6:167:Infinity":92,"s:169:6:169:Infinity":93,"s:170:6:170:Infinity":94,"s:172:6:172:Infinity":95,"s:176:33:179:Infinity":96,"f:176:33:176:39":12,"s:177:4:177:Infinity":97,"s:178:4:178:Infinity":98,"s:182:27:184:Infinity":99,"f:182:44:182:Infinity":13,"s:183:4:183:Infinity":100,"s:186:2:562:Infinity":101,"f:200:27:200:33":14,"s:200:33:200:Infinity":102,"f:205:25:205:31":15,"s:205:31:205:Infinity":103,"b:209:31:209:39:209:39:209:Infinity":8,"b:215:11:215:Infinity:216:12:218:Infinity":9,"b:222:11:222:Infinity:223:12:306:Infinity":10,"f:231:31:231:37":16,"s:231:37:231:Infinity":104,"b:241:27:241:53:241:53:241:Infinity":11,"f:242:31:242:37":17,"s:242:37:242:Infinity":105,"f:252:31:252:37":18,"s:252:37:252:Infinity":106,"f:263:31:263:37":19,"s:263:37:263:Infinity":107,"b:273:27:273:48:273:48:273:Infinity":12,"f:274:31:274:37":20,"s:274:37:274:Infinity":108,"b:287:30:287:46:287:46:287:Infinity":13,"f:290:27:290:33":21,"s:291:20:291:Infinity":109,"s:292:20:298:Infinity":110,"b:310:11:310:Infinity:311:12:314:Infinity":14,"b:318:11:318:Infinity:319:12:483:Infinity":15,"f:347:39:347:Infinity":22,"s:348:18:479:Infinity":111,"b:354:22:426:Infinity:428:22:477:Infinity":16,"b:361:35:361:53:361:53:361:Infinity":17,"f:362:39:362:45":23,"s:362:45:362:Infinity":112,"b:362:68:362:108:362:108:362:112":18,"b:371:35:371:60:371:60:371:Infinity":19,"f:372:39:372:45":24,"s:372:45:372:Infinity":113,"b:372:68:372:115:372:115:372:119":20,"b:381:35:381:54:381:54:381:Infinity":21,"f:382:39:382:45":25,"s:382:45:382:Infinity":114,"b:382:68:382:117:382:117:382:121":22,"b:390:35:390:62:390:62:390:Infinity":23,"f:391:39:391:45":26,"s:391:45:391:Infinity":115,"b:391:68:391:125:391:125:391:129":24,"b:399:35:399:55:399:55:399:Infinity":25,"f:400:39:400:45":27,"s:400:45:400:Infinity":116,"b:400:68:400:110:400:110:400:114":26,"b:414:40:414:56:414:56:414:Infinity":27,"b:440:27:440:50:440:50:440:Infinity":28,"b:449:27:449:45:449:45:449:Infinity":29,"f:454:39:454:45":28,"s:454:45:454:Infinity":117,"f:461:39:461:45":29,"s:461:45:461:Infinity":118,"f:468:39:468:45":30,"s:468:45:468:Infinity":119,"b:473:57:473:73:473:73:473:Infinity":30,"b:486:11:486:23:486:23:486:Infinity:487:12:489:Infinity":31,"b:495:7:495:26:495:26:495:Infinity:496:8:560:Infinity":32,"b:513:16:516:Infinity:518:16:547:Infinity":33,"b:538:94:538:120:538:120:538:126":34,"b:544:23:544:54:544:54:544:Infinity":35}}}
,"C:\\xampp\\htdocs\\Testingg\\frontend\\src\\utils\\auth.ts": {"path":"C:\\xampp\\htdocs\\Testingg\\frontend\\src\\utils\\auth.ts","statementMap":{"0":{"start":{"line":2,"column":2},"end":{"line":2,"column":null}},"1":{"start":{"line":3,"column":2},"end":{"line":5,"column":null}},"2":{"start":{"line":4,"column":4},"end":{"line":4,"column":null}},"3":{"start":{"line":6,"column":2},"end":{"line":6,"column":null}},"4":{"start":{"line":7,"column":2},"end":{"line":10,"column":null}},"5":{"start":{"line":8,"column":4},"end":{"line":8,"column":null}},"6":{"start":{"line":15,"column":2},"end":{"line":15,"column":null}},"7":{"start":{"line":16,"column":2},"end":{"line":16,"column":null}},"8":{"start":{"line":17,"column":2},"end":{"line":17,"column":null}},"9":{"start":{"line":18,"column":2},"end":{"line":20,"column":null}},"10":{"start":{"line":19,"column":4},"end":{"line":19,"column":null}},"11":{"start":{"line":24,"column":2},"end":{"line":24,"column":null}},"12":{"start":{"line":28,"column":2},"end":{"line":28,"column":null}},"13":{"start":{"line":32,"column":2},"end":{"line":32,"column":null}}},"fnMap":{"0":{"name":"setAuth","decl":{"start":{"line":1,"column":16},"end":{"line":1,"column":24}},"loc":{"start":{"line":1,"column":58},"end":{"line":12,"column":null}},"line":1},"1":{"name":"clearAuth","decl":{"start":{"line":14,"column":16},"end":{"line":14,"column":28}},"loc":{"start":{"line":14,"column":28},"end":{"line":21,"column":null}},"line":14},"2":{"name":"getToken","decl":{"start":{"line":23,"column":16},"end":{"line":23,"column":42}},"loc":{"start":{"line":23,"column":42},"end":{"line":25,"column":null}},"line":23},"3":{"name":"getUsername","decl":{"start":{"line":27,"column":16},"end":{"line":27,"column":45}},"loc":{"start":{"line":27,"column":45},"end":{"line":29,"column":null}},"line":27},"4":{"name":"isAuthenticated","decl":{"start":{"line":31,"column":16},"end":{"line":31,"column":43}},"loc":{"start":{"line":31,"column":43},"end":{"line":33,"column":null}},"line":31}},"branchMap":{"0":{"loc":{"start":{"line":3,"column":2},"end":{"line":5,"column":null}},"type":"if","locations":[{"start":{"line":3,"column":2},"end":{"line":5,"column":null}},{"start":{},"end":{}}],"line":3}},"s":{"0":7,"1":7,"2":5,"3":7,"4":7,"5":7,"6":2,"7":2,"8":2,"9":2,"10":2,"11":1,"12":1,"13":3},"f":{"0":7,"1":2,"2":1,"3":1,"4":3},"b":{"0":[5,2]},"meta":{"lastBranch":1,"lastFunction":5,"lastStatement":14,"seen":{"f:1:16:1:24":0,"s:2:2:2:Infinity":0,"b:3:2:5:Infinity:undefined:undefined:undefined:undefined":0,"s:3:2:5:Infinity":1,"s:4:4:4:Infinity":2,"s:6:2:6:Infinity":3,"s:7:2:10:Infinity":4,"s:8:4:8:Infinity":5,"f:14:16:14:28":1,"s:15:2:15:Infinity":6,"s:16:2:16:Infinity":7,"s:17:2:17:Infinity":8,"s:18:2:20:Infinity":9,"s:19:4:19:Infinity":10,"f:23:16:23:42":2,"s:24:2:24:Infinity":11,"f:27:16:27:45":3,"s:28:2:28:Infinity":12,"f:31:16:31:43":4,"s:32:2:32:Infinity":13}}}
,"C:\\xampp\\htdocs\\Testingg\\frontend\\src\\utils\\authValidation.ts": {"path":"C:\\xampp\\htdocs\\Testingg\\frontend\\src\\utils\\authValidation.ts","statementMap":{"0":{"start":{"line":1,"column":32},"end":{"line":15,"column":null}},"1":{"start":{"line":2,"column":2},"end":{"line":4,"column":null}},"2":{"start":{"line":3,"column":4},"end":{"line":3,"column":null}},"3":{"start":{"line":5,"column":2},"end":{"line":7,"column":null}},"4":{"start":{"line":6,"column":4},"end":{"line":6,"column":null}},"5":{"start":{"line":8,"column":2},"end":{"line":10,"column":null}},"6":{"start":{"line":9,"column":4},"end":{"line":9,"column":null}},"7":{"start":{"line":11,"column":2},"end":{"line":13,"column":null}},"8":{"start":{"line":12,"column":4},"end":{"line":12,"column":null}},"9":{"start":{"line":14,"column":2},"end":{"line":14,"column":null}},"10":{"start":{"line":17,"column":32},"end":{"line":31,"column":null}},"11":{"start":{"line":18,"column":2},"end":{"line":20,"column":null}},"12":{"start":{"line":19,"column":4},"end":{"line":19,"column":null}},"13":{"start":{"line":21,"column":2},"end":{"line":23,"column":null}},"14":{"start":{"line":22,"column":4},"end":{"line":22,"column":null}},"15":{"start":{"line":24,"column":2},"end":{"line":26,"column":null}},"16":{"start":{"line":25,"column":4},"end":{"line":25,"column":null}},"17":{"start":{"line":27,"column":2},"end":{"line":29,"column":null}},"18":{"start":{"line":28,"column":4},"end":{"line":28,"column":null}},"19":{"start":{"line":30,"column":2},"end":{"line":30,"column":null}}},"fnMap":{"0":{"name":"(anonymous_0)","decl":{"start":{"line":1,"column":32},"end":{"line":1,"column":33}},"loc":{"start":{"line":1,"column":62},"end":{"line":15,"column":null}},"line":1},"1":{"name":"(anonymous_1)","decl":{"start":{"line":17,"column":32},"end":{"line":17,"column":33}},"loc":{"start":{"line":17,"column":62},"end":{"line":31,"column":null}},"line":17}},"branchMap":{"0":{"loc":{"start":{"line":2,"column":2},"end":{"line":4,"column":null}},"type":"if","locations":[{"start":{"line":2,"column":2},"end":{"line":4,"column":null}},{"start":{},"end":{}}],"line":2},"1":{"loc":{"start":{"line":5,"column":2},"end":{"line":7,"column":null}},"type":"if","locations":[{"start":{"line":5,"column":2},"end":{"line":7,"column":null}},{"start":{},"end":{}}],"line":5},"2":{"loc":{"start":{"line":8,"column":2},"end":{"line":10,"column":null}},"type":"if","locations":[{"start":{"line":8,"column":2},"end":{"line":10,"column":null}},{"start":{},"end":{}}],"line":8},"3":{"loc":{"start":{"line":11,"column":2},"end":{"line":13,"column":null}},"type":"if","locations":[{"start":{"line":11,"column":2},"end":{"line":13,"column":null}},{"start":{},"end":{}}],"line":11},"4":{"loc":{"start":{"line":18,"column":2},"end":{"line":20,"column":null}},"type":"if","locations":[{"start":{"line":18,"column":2},"end":{"line":20,"column":null}},{"start":{},"end":{}}],"line":18},"5":{"loc":{"start":{"line":21,"column":2},"end":{"line":23,"column":null}},"type":"if","locations":[{"start":{"line":21,"column":2},"end":{"line":23,"column":null}},{"start":{},"end":{}}],"line":21},"6":{"loc":{"start":{"line":24,"column":2},"end":{"line":26,"column":null}},"type":"if","locations":[{"start":{"line":24,"column":2},"end":{"line":26,"column":null}},{"start":{},"end":{}}],"line":24},"7":{"loc":{"start":{"line":27,"column":2},"end":{"line":29,"column":null}},"type":"if","locations":[{"start":{"line":27,"column":2},"end":{"line":29,"column":null}},{"start":{},"end":{}}],"line":27},"8":{"loc":{"start":{"line":27,"column":6},"end":{"line":27,"column":58}},"type":"binary-expr","locations":[{"start":{"line":27,"column":6},"end":{"line":27,"column":36}},{"start":{"line":27,"column":36},"end":{"line":27,"column":58}}],"line":27}},"s":{"0":1,"1":7,"2":1,"3":6,"4":1,"5":5,"6":1,"7":4,"8":1,"9":3,"10":1,"11":8,"12":1,"13":7,"14":1,"15":6,"16":1,"17":5,"18":2,"19":3},"f":{"0":7,"1":8},"b":{"0":[1,6],"1":[1,5],"2":[1,4],"3":[1,3],"4":[1,7],"5":[1,6],"6":[1,5],"7":[2,3],"8":[5,4]},"meta":{"lastBranch":9,"lastFunction":2,"lastStatement":20,"seen":{"s:1:32:15:Infinity":0,"f:1:32:1:33":0,"b:2:2:4:Infinity:undefined:undefined:undefined:undefined":0,"s:2:2:4:Infinity":1,"s:3:4:3:Infinity":2,"b:5:2:7:Infinity:undefined:undefined:undefined:undefined":1,"s:5:2:7:Infinity":3,"s:6:4:6:Infinity":4,"b:8:2:10:Infinity:undefined:undefined:undefined:undefined":2,"s:8:2:10:Infinity":5,"s:9:4:9:Infinity":6,"b:11:2:13:Infinity:undefined:undefined:undefined:undefined":3,"s:11:2:13:Infinity":7,"s:12:4:12:Infinity":8,"s:14:2:14:Infinity":9,"s:17:32:31:Infinity":10,"f:17:32:17:33":1,"b:18:2:20:Infinity:undefined:undefined:undefined:undefined":4,"s:18:2:20:Infinity":11,"s:19:4:19:Infinity":12,"b:21:2:23:Infinity:undefined:undefined:undefined:undefined":5,"s:21:2:23:Infinity":13,"s:22:4:22:Infinity":14,"b:24:2:26:Infinity:undefined:undefined:undefined:undefined":6,"s:24:2:26:Infinity":15,"s:25:4:25:Infinity":16,"b:27:2:29:Infinity:undefined:undefined:undefined:undefined":7,"s:27:2:29:Infinity":17,"b:27:6:27:36:27:36:27:58":8,"s:28:4:28:Infinity":18,"s:30:2:30:Infinity":19}}}
,"C:\\xampp\\htdocs\\Testingg\\frontend\\src\\utils\\loginUtils.ts": {"path":"C:\\xampp\\htdocs\\Testingg\\frontend\\src\\utils\\loginUtils.ts","statementMap":{"0":{"start":{"line":2,"column":2},"end":{"line":11,"column":null}},"1":{"start":{"line":3,"column":17},"end":{"line":3,"column":null}},"2":{"start":{"line":4,"column":4},"end":{"line":7,"column":null}},"3":{"start":{"line":5,"column":6},"end":{"line":5,"column":null}},"4":{"start":{"line":6,"column":6},"end":{"line":6,"column":null}},"5":{"start":{"line":8,"column":4},"end":{"line":8,"column":null}},"6":{"start":{"line":10,"column":4},"end":{"line":10,"column":null}},"7":{"start":{"line":15,"column":2},"end":{"line":15,"column":null}},"8":{"start":{"line":15,"column":12},"end":{"line":15,"column":null}},"9":{"start":{"line":16,"column":2},"end":{"line":16,"column":null}},"10":{"start":{"line":16,"column":31},"end":{"line":16,"column":null}},"11":{"start":{"line":17,"column":2},"end":{"line":17,"column":null}},"12":{"start":{"line":17,"column":38},"end":{"line":17,"column":null}},"13":{"start":{"line":18,"column":2},"end":{"line":18,"column":null}}},"fnMap":{"0":{"name":"consumeRegisterSuccess","decl":{"start":{"line":1,"column":16},"end":{"line":1,"column":56}},"loc":{"start":{"line":1,"column":56},"end":{"line":12,"column":null}},"line":1},"1":{"name":"parseLoginError","decl":{"start":{"line":14,"column":16},"end":{"line":14,"column":32}},"loc":{"start":{"line":14,"column":50},"end":{"line":19,"column":null}},"line":14}},"branchMap":{"0":{"loc":{"start":{"line":4,"column":4},"end":{"line":7,"column":null}},"type":"if","locations":[{"start":{"line":4,"column":4},"end":{"line":7,"column":null}},{"start":{},"end":{}}],"line":4},"1":{"loc":{"start":{"line":15,"column":2},"end":{"line":15,"column":null}},"type":"if","locations":[{"start":{"line":15,"column":2},"end":{"line":15,"column":null}},{"start":{},"end":{}}],"line":15},"2":{"loc":{"start":{"line":16,"column":2},"end":{"line":16,"column":null}},"type":"if","locations":[{"start":{"line":16,"column":2},"end":{"line":16,"column":null}},{"start":{},"end":{}}],"line":16},"3":{"loc":{"start":{"line":17,"column":2},"end":{"line":17,"column":null}},"type":"if","locations":[{"start":{"line":17,"column":2},"end":{"line":17,"column":null}},{"start":{},"end":{}}],"line":17},"4":{"loc":{"start":{"line":18,"column":9},"end":{"line":18,"column":null}},"type":"binary-expr","locations":[{"start":{"line":18,"column":9},"end":{"line":18,"column":24}},{"start":{"line":18,"column":24},"end":{"line":18,"column":null}}],"line":18}},"s":{"0":14,"1":14,"2":14,"3":1,"4":1,"5":12,"6":1,"7":8,"8":2,"9":6,"10":1,"11":5,"12":5,"13":2},"f":{"0":14,"1":8},"b":{"0":[1,13],"1":[2,6],"2":[1,5],"3":[3,2],"4":[2,1]},"meta":{"lastBranch":5,"lastFunction":2,"lastStatement":14,"seen":{"f:1:16:1:56":0,"s:2:2:11:Infinity":0,"s:3:17:3:Infinity":1,"b:4:4:7:Infinity:undefined:undefined:undefined:undefined":0,"s:4:4:7:Infinity":2,"s:5:6:5:Infinity":3,"s:6:6:6:Infinity":4,"s:8:4:8:Infinity":5,"s:10:4:10:Infinity":6,"f:14:16:14:32":1,"b:15:2:15:Infinity:undefined:undefined:undefined:undefined":1,"s:15:2:15:Infinity":7,"s:15:12:15:Infinity":8,"b:16:2:16:Infinity:undefined:undefined:undefined:undefined":2,"s:16:2:16:Infinity":9,"s:16:31:16:Infinity":10,"b:17:2:17:Infinity:undefined:undefined:undefined:undefined":3,"s:17:2:17:Infinity":11,"s:17:38:17:Infinity":12,"s:18:2:18:Infinity":13,"b:18:9:18:24:18:24:18:Infinity":4}}}
,"C:\\xampp\\htdocs\\Testingg\\frontend\\src\\utils\\loginValidation.ts": {"path":"C:\\xampp\\htdocs\\Testingg\\frontend\\src\\utils\\loginValidation.ts","statementMap":{"0":{"start":{"line":15,"column":37},"end":{"line":15,"column":null}},"1":{"start":{"line":16,"column":37},"end":{"line":16,"column":null}},"2":{"start":{"line":18,"column":26},"end":{"line":18,"column":null}},"3":{"start":{"line":19,"column":26},"end":{"line":19,"column":null}},"4":{"start":{"line":21,"column":2},"end":{"line":25,"column":null}},"5":{"start":{"line":22,"column":4},"end":{"line":22,"column":null}},"6":{"start":{"line":23,"column":2},"end":{"line":25,"column":null}},"7":{"start":{"line":24,"column":4},"end":{"line":24,"column":null}},"8":{"start":{"line":27,"column":0},"end":{"line":33,"column":null}},"9":{"start":{"line":28,"column":2},"end":{"line":28,"column":null}},"10":{"start":{"line":29,"column":0},"end":{"line":33,"column":null}},"11":{"start":{"line":30,"column":2},"end":{"line":30,"column":null}},"12":{"start":{"line":31,"column":0},"end":{"line":33,"column":null}},"13":{"start":{"line":32,"column":2},"end":{"line":32,"column":null}},"14":{"start":{"line":36,"column":2},"end":{"line":36,"column":null}}},"fnMap":{"0":{"name":"validateLoginForm","decl":{"start":{"line":14,"column":16},"end":{"line":14,"column":34}},"loc":{"start":{"line":14,"column":93},"end":{"line":37,"column":null}},"line":14}},"branchMap":{"0":{"loc":{"start":{"line":21,"column":2},"end":{"line":25,"column":null}},"type":"if","locations":[{"start":{"line":21,"column":2},"end":{"line":25,"column":null}},{"start":{"line":23,"column":2},"end":{"line":25,"column":null}}],"line":21},"1":{"loc":{"start":{"line":23,"column":2},"end":{"line":25,"column":null}},"type":"if","locations":[{"start":{"line":23,"column":2},"end":{"line":25,"column":null}},{"start":{},"end":{}}],"line":23},"2":{"loc":{"start":{"line":27,"column":0},"end":{"line":33,"column":null}},"type":"if","locations":[{"start":{"line":27,"column":0},"end":{"line":33,"column":null}},{"start":{"line":29,"column":0},"end":{"line":33,"column":null}}],"line":27},"3":{"loc":{"start":{"line":29,"column":0},"end":{"line":33,"column":null}},"type":"if","locations":[{"start":{"line":29,"column":0},"end":{"line":33,"column":null}},{"start":{"line":31,"column":0},"end":{"line":33,"column":null}}],"line":29},"4":{"loc":{"start":{"line":29,"column":11},"end":{"line":29,"column":71}},"type":"binary-expr","locations":[{"start":{"line":29,"column":11},"end":{"line":29,"column":41}},{"start":{"line":29,"column":41},"end":{"line":29,"column":71}}],"line":29},"5":{"loc":{"start":{"line":31,"column":0},"end":{"line":33,"column":null}},"type":"if","locations":[{"start":{"line":31,"column":0},"end":{"line":33,"column":null}},{"start":{},"end":{}}],"line":31},"6":{"loc":{"start":{"line":31,"column":13},"end":{"line":31,"column":78}},"type":"binary-expr","locations":[{"start":{"line":31,"column":13},"end":{"line":31,"column":49}},{"start":{"line":31,"column":49},"end":{"line":31,"column":78}}],"line":31}},"s":{"0":20,"1":20,"2":20,"3":20,"4":20,"5":2,"6":18,"7":2,"8":20,"9":2,"10":18,"11":3,"12":15,"13":2,"14":20},"f":{"0":20},"b":{"0":[2,18],"1":[2,16],"2":[2,18],"3":[3,15],"4":[18,16],"5":[2,13],"6":[15,14]},"meta":{"lastBranch":7,"lastFunction":1,"lastStatement":15,"seen":{"f:14:16:14:34":0,"s:15:37:15:Infinity":0,"s:16:37:16:Infinity":1,"s:18:26:18:Infinity":2,"s:19:26:19:Infinity":3,"b:21:2:25:Infinity:23:2:25:Infinity":0,"s:21:2:25:Infinity":4,"s:22:4:22:Infinity":5,"b:23:2:25:Infinity:undefined:undefined:undefined:undefined":1,"s:23:2:25:Infinity":6,"s:24:4:24:Infinity":7,"b:27:0:33:Infinity:29:0:33:Infinity":2,"s:27:0:33:Infinity":8,"s:28:2:28:Infinity":9,"b:29:0:33:Infinity:31:0:33:Infinity":3,"s:29:0:33:Infinity":10,"b:29:11:29:41:29:41:29:71":4,"s:30:2:30:Infinity":11,"b:31:0:33:Infinity:undefined:undefined:undefined:undefined":5,"s:31:0:33:Infinity":12,"b:31:13:31:49:31:49:31:78":6,"s:32:2:32:Infinity":13,"s:36:2:36:Infinity":14}}}
,"C:\\xampp\\htdocs\\Testingg\\frontend\\src\\utils\\productUtils.ts": {"path":"C:\\xampp\\htdocs\\Testingg\\frontend\\src\\utils\\productUtils.ts","statementMap":{"0":{"start":{"line":4,"column":2},"end":{"line":7,"column":null}},"1":{"start":{"line":11,"column":2},"end":{"line":17,"column":null}},"2":{"start":{"line":21,"column":2},"end":{"line":27,"column":null}},"3":{"start":{"line":31,"column":2},"end":{"line":33,"column":null}},"4":{"start":{"line":32,"column":4},"end":{"line":32,"column":null}},"5":{"start":{"line":34,"column":16},"end":{"line":34,"column":null}},"6":{"start":{"line":35,"column":2},"end":{"line":37,"column":null}},"7":{"start":{"line":36,"column":4},"end":{"line":36,"column":null}},"8":{"start":{"line":38,"column":14},"end":{"line":38,"column":null}},"9":{"start":{"line":39,"column":2},"end":{"line":41,"column":null}},"10":{"start":{"line":40,"column":4},"end":{"line":40,"column":null}},"11":{"start":{"line":42,"column":2},"end":{"line":42,"column":null}}},"fnMap":{"0":{"name":"formatPrice","decl":{"start":{"line":3,"column":16},"end":{"line":3,"column":28}},"loc":{"start":{"line":3,"column":43},"end":{"line":8,"column":null}},"line":3},"1":{"name":"emptyNewProduct","decl":{"start":{"line":10,"column":16},"end":{"line":10,"column":58}},"loc":{"start":{"line":10,"column":58},"end":{"line":18,"column":null}},"line":10},"2":{"name":"toProductPayload","decl":{"start":{"line":20,"column":16},"end":{"line":20,"column":33}},"loc":{"start":{"line":20,"column":94},"end":{"line":28,"column":null}},"line":20},"3":{"name":"validateProductPayload","decl":{"start":{"line":30,"column":16},"end":{"line":30,"column":39}},"loc":{"start":{"line":30,"column":94},"end":{"line":43,"column":null}},"line":30}},"branchMap":{"0":{"loc":{"start":{"line":22,"column":11},"end":{"line":22,"column":25}},"type":"binary-expr","locations":[{"start":{"line":22,"column":11},"end":{"line":22,"column":21}},{"start":{"line":22,"column":21},"end":{"line":22,"column":25}}],"line":22},"1":{"loc":{"start":{"line":23,"column":18},"end":{"line":23,"column":39}},"type":"binary-expr","locations":[{"start":{"line":23,"column":18},"end":{"line":23,"column":35}},{"start":{"line":23,"column":35},"end":{"line":23,"column":39}}],"line":23},"2":{"loc":{"start":{"line":24,"column":11},"end":{"line":24,"column":null}},"type":"binary-expr","locations":[{"start":{"line":24,"column":11},"end":{"line":24,"column":30}},{"start":{"line":24,"column":30},"end":{"line":24,"column":null}}],"line":24},"3":{"loc":{"start":{"line":25,"column":19},"end":{"line":25,"column":null}},"type":"binary-expr","locations":[{"start":{"line":25,"column":19},"end":{"line":25,"column":46}},{"start":{"line":25,"column":46},"end":{"line":25,"column":null}}],"line":25},"4":{"loc":{"start":{"line":26,"column":13},"end":{"line":26,"column":35}},"type":"binary-expr","locations":[{"start":{"line":26,"column":13},"end":{"line":26,"column":25}},{"start":{"line":26,"column":25},"end":{"line":26,"column":35}}],"line":26},"5":{"loc":{"start":{"line":31,"column":2},"end":{"line":33,"column":null}},"type":"if","locations":[{"start":{"line":31,"column":2},"end":{"line":33,"column":null}},{"start":{},"end":{}}],"line":31},"6":{"loc":{"start":{"line":31,"column":6},"end":{"line":31,"column":65}},"type":"binary-expr","locations":[{"start":{"line":31,"column":6},"end":{"line":31,"column":23}},{"start":{"line":31,"column":23},"end":{"line":31,"column":65}}],"line":31},"7":{"loc":{"start":{"line":35,"column":2},"end":{"line":37,"column":null}},"type":"if","locations":[{"start":{"line":35,"column":2},"end":{"line":37,"column":null}},{"start":{},"end":{}}],"line":35},"8":{"loc":{"start":{"line":35,"column":6},"end":{"line":35,"column":40}},"type":"binary-expr","locations":[{"start":{"line":35,"column":6},"end":{"line":35,"column":29}},{"start":{"line":35,"column":29},"end":{"line":35,"column":40}}],"line":35},"9":{"loc":{"start":{"line":39,"column":2},"end":{"line":41,"column":null}},"type":"if","locations":[{"start":{"line":39,"column":2},"end":{"line":41,"column":null}},{"start":{},"end":{}}],"line":39},"10":{"loc":{"start":{"line":39,"column":6},"end":{"line":39,"column":36}},"type":"binary-expr","locations":[{"start":{"line":39,"column":6},"end":{"line":39,"column":27}},{"start":{"line":39,"column":27},"end":{"line":39,"column":36}}],"line":39}},"s":{"0":35,"1":200,"2":5,"3":11,"4":3,"5":8,"6":8,"7":2,"8":6,"9":6,"10":2,"11":4},"f":{"0":35,"1":200,"2":5,"3":11},"b":{"0":[5,1],"1":[5,4],"2":[5,0],"3":[5,2],"4":[5,1],"5":[3,8],"6":[11,9],"7":[2,6],"8":[8,7],"9":[2,4],"10":[6,5]},"meta":{"lastBranch":11,"lastFunction":4,"lastStatement":12,"seen":{"f:3:16:3:28":0,"s:4:2:7:Infinity":0,"f:10:16:10:58":1,"s:11:2:17:Infinity":1,"f:20:16:20:33":2,"s:21:2:27:Infinity":2,"b:22:11:22:21:22:21:22:25":0,"b:23:18:23:35:23:35:23:39":1,"b:24:11:24:30:24:30:24:Infinity":2,"b:25:19:25:46:25:46:25:Infinity":3,"b:26:13:26:25:26:25:26:35":4,"f:30:16:30:39":3,"b:31:2:33:Infinity:undefined:undefined:undefined:undefined":5,"s:31:2:33:Infinity":3,"b:31:6:31:23:31:23:31:65":6,"s:32:4:32:Infinity":4,"s:34:16:34:Infinity":5,"b:35:2:37:Infinity:undefined:undefined:undefined:undefined":7,"s:35:2:37:Infinity":6,"b:35:6:35:29:35:29:35:40":8,"s:36:4:36:Infinity":7,"s:38:14:38:Infinity":8,"b:39:2:41:Infinity:undefined:undefined:undefined:undefined":9,"s:39:2:41:Infinity":9,"b:39:6:39:27:39:27:39:36":10,"s:40:4:40:Infinity":10,"s:42:2:42:Infinity":11}}}
,"C:\\xampp\\htdocs\\Testingg\\frontend\\src\\utils\\productValidation.ts": {"path":"C:\\xampp\\htdocs\\Testingg\\frontend\\src\\utils\\productValidation.ts","statementMap":{"0":{"start":{"line":10,"column":31},"end":{"line":57,"column":null}},"1":{"start":{"line":11,"column":41},"end":{"line":11,"column":null}},"2":{"start":{"line":14,"column":0},"end":{"line":20,"column":null}},"3":{"start":{"line":15,"column":2},"end":{"line":15,"column":null}},"4":{"start":{"line":16,"column":2},"end":{"line":20,"column":null}},"5":{"start":{"line":17,"column":2},"end":{"line":17,"column":null}},"6":{"start":{"line":18,"column":2},"end":{"line":20,"column":null}},"7":{"start":{"line":19,"column":2},"end":{"line":19,"column":null}},"8":{"start":{"line":23,"column":16},"end":{"line":23,"column":null}},"9":{"start":{"line":24,"column":2},"end":{"line":32,"column":null}},"10":{"start":{"line":25,"column":4},"end":{"line":25,"column":null}},"11":{"start":{"line":26,"column":2},"end":{"line":32,"column":null}},"12":{"start":{"line":27,"column":4},"end":{"line":27,"column":null}},"13":{"start":{"line":28,"column":2},"end":{"line":32,"column":null}},"14":{"start":{"line":29,"column":4},"end":{"line":29,"column":null}},"15":{"start":{"line":30,"column":2},"end":{"line":32,"column":null}},"16":{"start":{"line":31,"column":4},"end":{"line":31,"column":null}},"17":{"start":{"line":35,"column":19},"end":{"line":35,"column":null}},"18":{"start":{"line":36,"column":2},"end":{"line":44,"column":null}},"19":{"start":{"line":37,"column":4},"end":{"line":37,"column":null}},"20":{"start":{"line":38,"column":2},"end":{"line":44,"column":null}},"21":{"start":{"line":39,"column":4},"end":{"line":39,"column":null}},"22":{"start":{"line":40,"column":2},"end":{"line":44,"column":null}},"23":{"start":{"line":41,"column":4},"end":{"line":41,"column":null}},"24":{"start":{"line":42,"column":2},"end":{"line":44,"column":null}},"25":{"start":{"line":43,"column":4},"end":{"line":43,"column":null}},"26":{"start":{"line":47,"column":2},"end":{"line":49,"column":null}},"27":{"start":{"line":48,"column":4},"end":{"line":48,"column":null}},"28":{"start":{"line":52,"column":2},"end":{"line":54,"column":null}},"29":{"start":{"line":53,"column":4},"end":{"line":53,"column":null}},"30":{"start":{"line":56,"column":2},"end":{"line":56,"column":null}}},"fnMap":{"0":{"name":"(anonymous_0)","decl":{"start":{"line":10,"column":31},"end":{"line":10,"column":32}},"loc":{"start":{"line":10,"column":77},"end":{"line":57,"column":null}},"line":10}},"branchMap":{"0":{"loc":{"start":{"line":14,"column":0},"end":{"line":20,"column":null}},"type":"if","locations":[{"start":{"line":14,"column":0},"end":{"line":20,"column":null}},{"start":{"line":16,"column":2},"end":{"line":20,"column":null}}],"line":14},"1":{"loc":{"start":{"line":16,"column":2},"end":{"line":20,"column":null}},"type":"if","locations":[{"start":{"line":16,"column":2},"end":{"line":20,"column":null}},{"start":{"line":18,"column":2},"end":{"line":20,"column":null}}],"line":16},"2":{"loc":{"start":{"line":18,"column":2},"end":{"line":20,"column":null}},"type":"if","locations":[{"start":{"line":18,"column":2},"end":{"line":20,"column":null}},{"start":{},"end":{}}],"line":18},"3":{"loc":{"start":{"line":24,"column":2},"end":{"line":32,"column":null}},"type":"if","locations":[{"start":{"line":24,"column":2},"end":{"line":32,"column":null}},{"start":{"line":26,"column":2},"end":{"line":32,"column":null}}],"line":24},"4":{"loc":{"start":{"line":24,"column":6},"end":{"line":24,"column":85}},"type":"binary-expr","locations":[{"start":{"line":24,"column":6},"end":{"line":24,"column":32}},{"start":{"line":24,"column":32},"end":{"line":24,"column":63}},{"start":{"line":24,"column":63},"end":{"line":24,"column":85}}],"line":24},"5":{"loc":{"start":{"line":26,"column":2},"end":{"line":32,"column":null}},"type":"if","locations":[{"start":{"line":26,"column":2},"end":{"line":32,"column":null}},{"start":{"line":28,"column":2},"end":{"line":32,"column":null}}],"line":26},"6":{"loc":{"start":{"line":28,"column":2},"end":{"line":32,"column":null}},"type":"if","locations":[{"start":{"line":28,"column":2},"end":{"line":32,"column":null}},{"start":{"line":30,"column":2},"end":{"line":32,"column":null}}],"line":28},"7":{"loc":{"start":{"line":30,"column":2},"end":{"line":32,"column":null}},"type":"if","locations":[{"start":{"line":30,"column":2},"end":{"line":32,"column":null}},{"start":{},"end":{}}],"line":30},"8":{"loc":{"start":{"line":36,"column":2},"end":{"line":44,"column":null}},"type":"if","locations":[{"start":{"line":36,"column":2},"end":{"line":44,"column":null}},{"start":{"line":38,"column":2},"end":{"line":44,"column":null}}],"line":36},"9":{"loc":{"start":{"line":36,"column":6},"end":{"line":36,"column":94}},"type":"binary-expr","locations":[{"start":{"line":36,"column":6},"end":{"line":36,"column":35}},{"start":{"line":36,"column":35},"end":{"line":36,"column":69}},{"start":{"line":36,"column":69},"end":{"line":36,"column":94}}],"line":36},"10":{"loc":{"start":{"line":38,"column":2},"end":{"line":44,"column":null}},"type":"if","locations":[{"start":{"line":38,"column":2},"end":{"line":44,"column":null}},{"start":{"line":40,"column":2},"end":{"line":44,"column":null}}],"line":38},"11":{"loc":{"start":{"line":38,"column":13},"end":{"line":38,"column":61}},"type":"binary-expr","locations":[{"start":{"line":38,"column":13},"end":{"line":38,"column":32}},{"start":{"line":38,"column":32},"end":{"line":38,"column":61}}],"line":38},"12":{"loc":{"start":{"line":40,"column":2},"end":{"line":44,"column":null}},"type":"if","locations":[{"start":{"line":40,"column":2},"end":{"line":44,"column":null}},{"start":{"line":42,"column":2},"end":{"line":44,"column":null}}],"line":40},"13":{"loc":{"start":{"line":42,"column":2},"end":{"line":44,"column":null}},"type":"if","locations":[{"start":{"line":42,"column":2},"end":{"line":44,"column":null}},{"start":{},"end":{}}],"line":42},"14":{"loc":{"start":{"line":47,"column":2},"end":{"line":49,"column":null}},"type":"if","locations":[{"start":{"line":47,"column":2},"end":{"line":49,"column":null}},{"start":{},"end":{}}],"line":47},"15":{"loc":{"start":{"line":47,"column":6},"end":{"line":47,"column":63}},"type":"binary-expr","locations":[{"start":{"line":47,"column":6},"end":{"line":47,"column":29}},{"start":{"line":47,"column":29},"end":{"line":47,"column":63}}],"line":47},"16":{"loc":{"start":{"line":52,"column":2},"end":{"line":54,"column":null}},"type":"if","locations":[{"start":{"line":52,"column":2},"end":{"line":54,"column":null}},{"start":{},"end":{}}],"line":52}},"s":{"0":1,"1":19,"2":19,"3":2,"4":17,"5":1,"6":16,"7":1,"8":19,"9":19,"10":2,"11":17,"12":1,"13":16,"14":2,"15":14,"16":1,"17":19,"18":19,"19":2,"20":17,"21":2,"22":15,"23":1,"24":14,"25":1,"26":19,"27":1,"28":19,"29":1,"30":19},"f":{"0":19},"b":{"0":[2,17],"1":[1,16],"2":[1,15],"3":[2,17],"4":[19,18,18],"5":[1,16],"6":[2,14],"7":[1,13],"8":[2,17],"9":[19,18,18],"10":[2,15],"11":[17,16],"12":[1,14],"13":[1,13],"14":[1,18],"15":[19,19],"16":[1,18]},"meta":{"lastBranch":17,"lastFunction":1,"lastStatement":31,"seen":{"s:10:31:57:Infinity":0,"f:10:31:10:32":0,"s:11:41:11:Infinity":1,"b:14:0:20:Infinity:16:2:20:Infinity":0,"s:14:0:20:Infinity":2,"s:15:2:15:Infinity":3,"b:16:2:20:Infinity:18:2:20:Infinity":1,"s:16:2:20:Infinity":4,"s:17:2:17:Infinity":5,"b:18:2:20:Infinity:undefined:undefined:undefined:undefined":2,"s:18:2:20:Infinity":6,"s:19:2:19:Infinity":7,"s:23:16:23:Infinity":8,"b:24:2:32:Infinity:26:2:32:Infinity":3,"s:24:2:32:Infinity":9,"b:24:6:24:32:24:32:24:63:24:63:24:85":4,"s:25:4:25:Infinity":10,"b:26:2:32:Infinity:28:2:32:Infinity":5,"s:26:2:32:Infinity":11,"s:27:4:27:Infinity":12,"b:28:2:32:Infinity:30:2:32:Infinity":6,"s:28:2:32:Infinity":13,"s:29:4:29:Infinity":14,"b:30:2:32:Infinity:undefined:undefined:undefined:undefined":7,"s:30:2:32:Infinity":15,"s:31:4:31:Infinity":16,"s:35:19:35:Infinity":17,"b:36:2:44:Infinity:38:2:44:Infinity":8,"s:36:2:44:Infinity":18,"b:36:6:36:35:36:35:36:69:36:69:36:94":9,"s:37:4:37:Infinity":19,"b:38:2:44:Infinity:40:2:44:Infinity":10,"s:38:2:44:Infinity":20,"b:38:13:38:32:38:32:38:61":11,"s:39:4:39:Infinity":21,"b:40:2:44:Infinity:42:2:44:Infinity":12,"s:40:2:44:Infinity":22,"s:41:4:41:Infinity":23,"b:42:2:44:Infinity:undefined:undefined:undefined:undefined":13,"s:42:2:44:Infinity":24,"s:43:4:43:Infinity":25,"b:47:2:49:Infinity:undefined:undefined:undefined:undefined":14,"s:47:2:49:Infinity":26,"b:47:6:47:29:47:29:47:63":15,"s:48:4:48:Infinity":27,"b:52:2:54:Infinity:undefined:undefined:undefined:undefined":16,"s:52:2:54:Infinity":28,"s:53:4:53:Infinity":29,"s:56:2:56:Infinity":30}}}
}
